#
# There is insufficient memory for the Java Runtime Environment to continue.
# Native memory allocation (malloc) failed to allocate 1385776 bytes for Chunk::new
# Possible reasons:
#   The system is out of physical RAM or swap space
#   The process is running with CompressedOops enabled, and the Java Heap may be blocking the growth of the native heap
# Possible solutions:
#   Reduce memory load on the system
#   Increase physical memory or swap space
#   Check if swap backing store is full
#   Decrease Java heap size (-Xmx/-Xms)
#   Decrease number of Java threads
#   Decrease Java thread stack sizes (-Xss)
#   Set larger code cache with -XX:ReservedCodeCacheSize=
#   JVM is running with Unscaled Compressed Oops mode in which the Java heap is
#     placed in the first 4GB address space. The Java Heap base address is the
#     maximum limit for the native heap growth. Please use -XX:HeapBaseMinAddress
#     to set the Java Heap base and to place the Java Heap above 4GB virtual address.
# This output file may be truncated or incomplete.
#
#  Out of Memory Error (arena.cpp:189), pid=22496, tid=12272
#
# JRE version: Java(TM) SE Runtime Environment (17.0.11+7) (build 17.0.11+7-LTS-207)
# Java VM: Java HotSpot(TM) 64-Bit Server VM (17.0.11+7-LTS-207, mixed mode, sharing, tiered, compressed oops, compressed class ptrs, g1 gc, windows-amd64)
# No core dump will be written. Minidumps are not enabled by default on client versions of Windows
#

---------------  S U M M A R Y ------------

Command Line: -javaagent:C:\Program Files\JetBrains\IntelliJ IDEA Community Edition 2021.1.1\lib\idea_rt.jar=51162:C:\Program Files\JetBrains\IntelliJ IDEA Community Edition 2021.1.1\bin -Dfile.encoding=UTF-8 com.chandu.inventory_service.InventoryServiceApplication

Host: AMD Ryzen 5 5500U with Radeon Graphics         , 12 cores, 5G,  Windows 11 , 64 bit Build 22621 (10.0.22621.3958)
Time: Sun Nov 10 16:45:27 2024 India Standard Time elapsed time: 19.405559 seconds (0d 0h 0m 19s)

---------------  T H R E A D  ---------------

Current thread (0x0000015c2423d0f0):  JavaThread "C2 CompilerThread2" daemon [_thread_in_native, id=12272, stack(0x0000001dc8600000,0x0000001dc8700000)]


Current CompileTask:
C2:  19405 5692       4       org.springframework.core.annotation.AnnotationsScanner::scan (21 bytes)

Stack: [0x0000001dc8600000,0x0000001dc8700000]
Native frames: (J=compiled Java code, j=interpreted, Vv=VM code, C=native code)
V  [jvm.dll+0x679cca]
V  [jvm.dll+0x7da13d]
V  [jvm.dll+0x7dba83]
V  [jvm.dll+0x7dc0f3]
V  [jvm.dll+0x2449af]
V  [jvm.dll+0xab83b]
V  [jvm.dll+0xabe1c]
V  [jvm.dll+0x36155f]
V  [jvm.dll+0x1b9fca]
V  [jvm.dll+0x216337]
V  [jvm.dll+0x21560f]
V  [jvm.dll+0x1a2040]
V  [jvm.dll+0x225a2b]
V  [jvm.dll+0x223bcb]
V  [jvm.dll+0x7903ec]
V  [jvm.dll+0x78a85a]
V  [jvm.dll+0x678bb5]
C  [ucrtbase.dll+0x29333]
C  [KERNEL32.DLL+0x1257d]
C  [ntdll.dll+0x5af08]


---------------  P R O C E S S  ---------------

Threads class SMR info:
_java_thread_list=0x0000015bdbbd5ac0, length=35, elements={
0x0000015bbe4f5000, 0x0000015bdb6dacb0, 0x0000015bdb6db650, 0x0000015bdb6e9c30,
0x0000015bdb6eb320, 0x0000015bdb6ee820, 0x0000015bdb6fd4e0, 0x0000015bdb7201c0,
0x0000015bdb7287a0, 0x0000015bdb73b0c0, 0x0000015bdb6c2f70, 0x0000015bdbb48820,
0x0000015bdbb49510, 0x0000015c2174e7c0, 0x0000015c22124cd0, 0x0000015c243195a0,
0x0000015c254499a0, 0x0000015c2544a3c0, 0x0000015c2544ade0, 0x0000015c25448560,
0x0000015c25448050, 0x0000015c2544a8d0, 0x0000015c25448a70, 0x0000015c25449490,
0x0000015c2359bf30, 0x0000015c2359a5e0, 0x0000015c2359ecc0, 0x0000015c235991a0,
0x0000015c2359ba20, 0x0000015c2359aaf0, 0x0000015c235996b0, 0x0000015c2359b000,
0x0000015c2359e7b0, 0x0000015c24231370, 0x0000015c2423d0f0
}

Java Threads: ( => current thread )
  0x0000015bbe4f5000 JavaThread "main" [_thread_in_native, id=21528, stack(0x0000001dc5100000,0x0000001dc5200000)]
  0x0000015bdb6dacb0 JavaThread "Reference Handler" daemon [_thread_blocked, id=4504, stack(0x0000001dc5800000,0x0000001dc5900000)]
  0x0000015bdb6db650 JavaThread "Finalizer" daemon [_thread_blocked, id=18816, stack(0x0000001dc5900000,0x0000001dc5a00000)]
  0x0000015bdb6e9c30 JavaThread "Signal Dispatcher" daemon [_thread_blocked, id=6276, stack(0x0000001dc5a00000,0x0000001dc5b00000)]
  0x0000015bdb6eb320 JavaThread "Attach Listener" daemon [_thread_blocked, id=6340, stack(0x0000001dc5b00000,0x0000001dc5c00000)]
  0x0000015bdb6ee820 JavaThread "Service Thread" daemon [_thread_blocked, id=11788, stack(0x0000001dc5c00000,0x0000001dc5d00000)]
  0x0000015bdb6fd4e0 JavaThread "Monitor Deflation Thread" daemon [_thread_blocked, id=11340, stack(0x0000001dc5d00000,0x0000001dc5e00000)]
  0x0000015bdb7201c0 JavaThread "C2 CompilerThread0" daemon [_thread_in_native, id=11648, stack(0x0000001dc5e00000,0x0000001dc5f00000)]
  0x0000015bdb7287a0 JavaThread "C1 CompilerThread0" daemon [_thread_blocked, id=8744, stack(0x0000001dc5f00000,0x0000001dc6000000)]
  0x0000015bdb73b0c0 JavaThread "Sweeper thread" daemon [_thread_blocked, id=19724, stack(0x0000001dc6000000,0x0000001dc6100000)]
  0x0000015bdb6c2f70 JavaThread "Common-Cleaner" daemon [_thread_blocked, id=17652, stack(0x0000001dc6100000,0x0000001dc6200000)]
  0x0000015bdbb48820 JavaThread "Monitor Ctrl-Break" daemon [_thread_in_native, id=13872, stack(0x0000001dc6200000,0x0000001dc6300000)]
  0x0000015bdbb49510 JavaThread "Notification Thread" daemon [_thread_blocked, id=18828, stack(0x0000001dc6300000,0x0000001dc6400000)]
  0x0000015c2174e7c0 JavaThread "Catalina-utility-1" [_thread_blocked, id=3976, stack(0x0000001dc7000000,0x0000001dc7100000)]
  0x0000015c22124cd0 JavaThread "Catalina-utility-2" [_thread_blocked, id=11008, stack(0x0000001dc7100000,0x0000001dc7200000)]
  0x0000015c243195a0 JavaThread "container-0" [_thread_blocked, id=20664, stack(0x0000001dc7200000,0x0000001dc7300000)]
  0x0000015c254499a0 JavaThread "mysql-cj-abandoned-connection-cleanup" daemon [_thread_blocked, id=20604, stack(0x0000001dc7300000,0x0000001dc7400000)]
  0x0000015c2544a3c0 JavaThread "HikariPool-1 housekeeper" daemon [_thread_blocked, id=12044, stack(0x0000001dc7500000,0x0000001dc7600000)]
  0x0000015c2544ade0 JavaThread "spring.cloud.inetutils" daemon [_thread_blocked, id=2844, stack(0x0000001dc7600000,0x0000001dc7700000)]
  0x0000015c25448560 JavaThread "http-nio-auto-1-exec-1" daemon [_thread_blocked, id=2636, stack(0x0000001dc7700000,0x0000001dc7800000)]
  0x0000015c25448050 JavaThread "http-nio-auto-1-exec-2" daemon [_thread_blocked, id=19712, stack(0x0000001dc7800000,0x0000001dc7900000)]
  0x0000015c2544a8d0 JavaThread "http-nio-auto-1-exec-3" daemon [_thread_blocked, id=17088, stack(0x0000001dc7900000,0x0000001dc7a00000)]
  0x0000015c25448a70 JavaThread "http-nio-auto-1-exec-4" daemon [_thread_blocked, id=19848, stack(0x0000001dc7a00000,0x0000001dc7b00000)]
  0x0000015c25449490 JavaThread "http-nio-auto-1-exec-5" daemon [_thread_blocked, id=1712, stack(0x0000001dc7b00000,0x0000001dc7c00000)]
  0x0000015c2359bf30 JavaThread "http-nio-auto-1-exec-6" daemon [_thread_blocked, id=2832, stack(0x0000001dc7c00000,0x0000001dc7d00000)]
  0x0000015c2359a5e0 JavaThread "http-nio-auto-1-exec-7" daemon [_thread_blocked, id=1520, stack(0x0000001dc7d00000,0x0000001dc7e00000)]
  0x0000015c2359ecc0 JavaThread "http-nio-auto-1-exec-8" daemon [_thread_blocked, id=7456, stack(0x0000001dc7e00000,0x0000001dc7f00000)]
  0x0000015c235991a0 JavaThread "http-nio-auto-1-exec-9" daemon [_thread_blocked, id=1504, stack(0x0000001dc7f00000,0x0000001dc8000000)]
  0x0000015c2359ba20 JavaThread "http-nio-auto-1-exec-10" daemon [_thread_blocked, id=13964, stack(0x0000001dc8000000,0x0000001dc8100000)]
  0x0000015c2359aaf0 JavaThread "http-nio-auto-1-Poller" daemon [_thread_in_native, id=6436, stack(0x0000001dc8100000,0x0000001dc8200000)]
  0x0000015c235996b0 JavaThread "http-nio-auto-1-Acceptor" daemon [_thread_in_native, id=16044, stack(0x0000001dc8200000,0x0000001dc8300000)]
  0x0000015c2359b000 JavaThread "spectator-gauge-polling-0" daemon [_thread_blocked, id=11444, stack(0x0000001dc8300000,0x0000001dc8400000)]
  0x0000015c2359e7b0 JavaThread "AsyncResolver-bootstrap-%d" daemon [_thread_blocked, id=5920, stack(0x0000001dc8400000,0x0000001dc8500000)]
  0x0000015c24231370 JavaThread "C2 CompilerThread1" daemon [_thread_in_native, id=14856, stack(0x0000001dc8500000,0x0000001dc8600000)]
=>0x0000015c2423d0f0 JavaThread "C2 CompilerThread2" daemon [_thread_in_native, id=12272, stack(0x0000001dc8600000,0x0000001dc8700000)]

Other Threads:
  0x0000015bdb6d4d90 VMThread "VM Thread" [stack: 0x0000001dc5700000,0x0000001dc5800000] [id=9608]
  0x0000015bdbb4a490 WatcherThread [stack: 0x0000001dc6400000,0x0000001dc6500000] [id=20584]
  0x0000015bbe540530 GCTaskThread "GC Thread#0" [stack: 0x0000001dc5200000,0x0000001dc5300000] [id=22076]
  0x0000015c21a41580 GCTaskThread "GC Thread#1" [stack: 0x0000001dc6500000,0x0000001dc6600000] [id=3836]
  0x0000015c21a274e0 GCTaskThread "GC Thread#2" [stack: 0x0000001dc6600000,0x0000001dc6700000] [id=3348]
  0x0000015c21a60590 GCTaskThread "GC Thread#3" [stack: 0x0000001dc6700000,0x0000001dc6800000] [id=6768]
  0x0000015c21a61900 GCTaskThread "GC Thread#4" [stack: 0x0000001dc6800000,0x0000001dc6900000] [id=14944]
  0x0000015c21a62c70 GCTaskThread "GC Thread#5" [stack: 0x0000001dc6900000,0x0000001dc6a00000] [id=8492]
  0x0000015c21921a50 GCTaskThread "GC Thread#6" [stack: 0x0000001dc6a00000,0x0000001dc6b00000] [id=18620]
  0x0000015c219225a0 GCTaskThread "GC Thread#7" [stack: 0x0000001dc6b00000,0x0000001dc6c00000] [id=12444]
  0x0000015c21da1f60 GCTaskThread "GC Thread#8" [stack: 0x0000001dc6d00000,0x0000001dc6e00000] [id=12980]
  0x0000015c21f3dda0 GCTaskThread "GC Thread#9" [stack: 0x0000001dc6e00000,0x0000001dc6f00000] [id=21124]
  0x0000015bbe54cf50 ConcurrentGCThread "G1 Main Marker" [stack: 0x0000001dc5300000,0x0000001dc5400000] [id=9484]
  0x0000015bbe54f020 ConcurrentGCThread "G1 Conc#0" [stack: 0x0000001dc5400000,0x0000001dc5500000] [id=6296]
  0x0000015c2233a180 ConcurrentGCThread "G1 Conc#1" [stack: 0x0000001dc6c00000,0x0000001dc6d00000] [id=21556]
  0x0000015c2233a9c0 ConcurrentGCThread "G1 Conc#2" [stack: 0x0000001dc6f00000,0x0000001dc7000000] [id=14776]
  0x0000015bbe5ac260 ConcurrentGCThread "G1 Refine#0" [stack: 0x0000001dc5500000,0x0000001dc5600000] [id=22376]
  0x0000015bbe5ad7c0 ConcurrentGCThread "G1 Service" [stack: 0x0000001dc5600000,0x0000001dc5700000] [id=8]

Threads with active compile tasks:
C2 CompilerThread0    19449 5656       4       org.springframework.core.annotation.TypeMappedAnnotations::scan (66 bytes)
C2 CompilerThread1    19449 5693       4       org.springframework.core.annotation.AnnotationsScanner::process (55 bytes)
C2 CompilerThread2    19449 5692       4       org.springframework.core.annotation.AnnotationsScanner::scan (21 bytes)

VM state: not at safepoint (normal execution)

VM Mutex/Monitor currently owned by a thread: None

Heap address: 0x00000000a2200000, size: 1502 MB, Compressed Oops mode: 32-bit

CDS archive(s) mapped at: [0x0000015bdc000000-0x0000015bdcbd0000-0x0000015bdcbd0000), size 12386304, SharedBaseAddress: 0x0000015bdc000000, ArchiveRelocationMode: 1.
Compressed class space mapped at: 0x0000015bdd000000-0x0000015c1d000000, reserved size: 1073741824
Narrow klass base: 0x0000015bdc000000, Narrow klass shift: 0, Narrow klass range: 0x100000000

GC Precious Log:
 CPUs: 12 total, 12 available
 Memory: 6005M
 Large Page Support: Disabled
 NUMA Support: Disabled
 Compressed Oops: Enabled (32-bit)
 Heap Region Size: 1M
 Heap Min Capacity: 8M
 Heap Initial Capacity: 94M
 Heap Max Capacity: 1502M
 Pre-touch: Disabled
 Parallel Workers: 10
 Concurrent Workers: 3
 Concurrent Refinement Workers: 10
 Periodic GC: Disabled

Heap:
 garbage-first heap   total 61440K, used 38126K [0x00000000a2200000, 0x0000000100000000)
  region size 1024K, 7 young (7168K), 3 survivors (3072K)
 Metaspace       used 71077K, committed 71616K, reserved 1114112K
  class space    used 9770K, committed 9984K, reserved 1048576K

Heap Regions: E=young(eden), S=young(survivor), O=old, HS=humongous(starts), HC=humongous(continues), CS=collection set, F=free, OA=open archive, CA=closed archive, TAMS=top-at-mark-start (previous, next)
|   0|0x00000000a2200000, 0x00000000a2300000, 0x00000000a2300000|100%|HS|  |TAMS 0x00000000a2300000, 0x00000000a2200000| Complete 
|   1|0x00000000a2300000, 0x00000000a2400000, 0x00000000a2400000|100%|HS|  |TAMS 0x00000000a2400000, 0x00000000a2300000| Complete 
|   2|0x00000000a2400000, 0x00000000a2500000, 0x00000000a2500000|100%| O|  |TAMS 0x00000000a2500000, 0x00000000a2400000| Untracked 
|   3|0x00000000a2500000, 0x00000000a2600000, 0x00000000a2600000|100%| O|  |TAMS 0x00000000a2600000, 0x00000000a2500000| Untracked 
|   4|0x00000000a2600000, 0x00000000a2700000, 0x00000000a2700000|100%| O|  |TAMS 0x00000000a2700000, 0x00000000a2600000| Untracked 
|   5|0x00000000a2700000, 0x00000000a2800000, 0x00000000a2800000|100%| O|  |TAMS 0x00000000a2800000, 0x00000000a2700000| Untracked 
|   6|0x00000000a2800000, 0x00000000a2900000, 0x00000000a2900000|100%| O|  |TAMS 0x00000000a2900000, 0x00000000a2800000| Untracked 
|   7|0x00000000a2900000, 0x00000000a2a00000, 0x00000000a2a00000|100%| O|  |TAMS 0x00000000a2a00000, 0x00000000a2900000| Untracked 
|   8|0x00000000a2a00000, 0x00000000a2b00000, 0x00000000a2b00000|100%| O|  |TAMS 0x00000000a2b00000, 0x00000000a2a00000| Untracked 
|   9|0x00000000a2b00000, 0x00000000a2c00000, 0x00000000a2c00000|100%| O|  |TAMS 0x00000000a2c00000, 0x00000000a2b00000| Untracked 
|  10|0x00000000a2c00000, 0x00000000a2d00000, 0x00000000a2d00000|100%| O|  |TAMS 0x00000000a2d00000, 0x00000000a2c00000| Untracked 
|  11|0x00000000a2d00000, 0x00000000a2e00000, 0x00000000a2e00000|100%| O|  |TAMS 0x00000000a2e00000, 0x00000000a2d00000| Untracked 
|  12|0x00000000a2e00000, 0x00000000a2f00000, 0x00000000a2f00000|100%| O|  |TAMS 0x00000000a2f00000, 0x00000000a2e00000| Untracked 
|  13|0x00000000a2f00000, 0x00000000a3000000, 0x00000000a3000000|100%| O|  |TAMS 0x00000000a3000000, 0x00000000a2f00000| Untracked 
|  14|0x00000000a3000000, 0x00000000a30cc200, 0x00000000a3100000| 79%| O|  |TAMS 0x00000000a30cc200, 0x00000000a3000000| Untracked 
|  15|0x00000000a3100000, 0x00000000a3200000, 0x00000000a3200000|100%| O|  |TAMS 0x00000000a3200000, 0x00000000a3100000| Untracked 
|  16|0x00000000a3200000, 0x00000000a3300000, 0x00000000a3300000|100%| O|  |TAMS 0x00000000a3300000, 0x00000000a3200000| Untracked 
|  17|0x00000000a3300000, 0x00000000a3400000, 0x00000000a3400000|100%| O|  |TAMS 0x00000000a3400000, 0x00000000a3300000| Untracked 
|  18|0x00000000a3400000, 0x00000000a3500000, 0x00000000a3500000|100%| O|  |TAMS 0x00000000a3500000, 0x00000000a3400000| Untracked 
|  19|0x00000000a3500000, 0x00000000a3600000, 0x00000000a3600000|100%| O|  |TAMS 0x00000000a3600000, 0x00000000a3500000| Untracked 
|  20|0x00000000a3600000, 0x00000000a3700000, 0x00000000a3700000|100%| O|  |TAMS 0x00000000a3700000, 0x00000000a3600000| Untracked 
|  21|0x00000000a3700000, 0x00000000a3800000, 0x00000000a3800000|100%| O|  |TAMS 0x00000000a3800000, 0x00000000a3700000| Untracked 
|  22|0x00000000a3800000, 0x00000000a3900000, 0x00000000a3900000|100%| O|  |TAMS 0x00000000a3900000, 0x00000000a3800000| Untracked 
|  23|0x00000000a3900000, 0x00000000a3a00000, 0x00000000a3a00000|100%| O|  |TAMS 0x00000000a3a00000, 0x00000000a3900000| Untracked 
|  24|0x00000000a3a00000, 0x00000000a3b00000, 0x00000000a3b00000|100%| O|  |TAMS 0x00000000a3b00000, 0x00000000a3a00000| Untracked 
|  25|0x00000000a3b00000, 0x00000000a3c00000, 0x00000000a3c00000|100%| O|  |TAMS 0x00000000a3c00000, 0x00000000a3b00000| Untracked 
|  26|0x00000000a3c00000, 0x00000000a3d00000, 0x00000000a3d00000|100%| O|  |TAMS 0x00000000a3d00000, 0x00000000a3c00000| Untracked 
|  27|0x00000000a3d00000, 0x00000000a3e00000, 0x00000000a3e00000|100%| O|  |TAMS 0x00000000a3e00000, 0x00000000a3d00000| Untracked 
|  28|0x00000000a3e00000, 0x00000000a3f00000, 0x00000000a3f00000|100%| O|  |TAMS 0x00000000a3eeca00, 0x00000000a3e00000| Untracked 
|  29|0x00000000a3f00000, 0x00000000a4000000, 0x00000000a4000000|100%| O|  |TAMS 0x00000000a3f00000, 0x00000000a3f00000| Untracked 
|  30|0x00000000a4000000, 0x00000000a4100000, 0x00000000a4100000|100%| O|  |TAMS 0x00000000a4000000, 0x00000000a4000000| Untracked 
|  31|0x00000000a4100000, 0x00000000a416f600, 0x00000000a4200000| 43%| O|  |TAMS 0x00000000a4100000, 0x00000000a4100000| Untracked 
|  32|0x00000000a4200000, 0x00000000a4200000, 0x00000000a4300000|  0%| F|  |TAMS 0x00000000a4200000, 0x00000000a4200000| Untracked 
|  33|0x00000000a4300000, 0x00000000a4300000, 0x00000000a4400000|  0%| F|  |TAMS 0x00000000a4300000, 0x00000000a4300000| Untracked 
|  34|0x00000000a4400000, 0x00000000a4400000, 0x00000000a4500000|  0%| F|  |TAMS 0x00000000a4400000, 0x00000000a4400000| Untracked 
|  35|0x00000000a4500000, 0x00000000a4500000, 0x00000000a4600000|  0%| F|  |TAMS 0x00000000a4500000, 0x00000000a4500000| Untracked 
|  36|0x00000000a4600000, 0x00000000a4600000, 0x00000000a4700000|  0%| F|  |TAMS 0x00000000a4600000, 0x00000000a4600000| Untracked 
|  37|0x00000000a4700000, 0x00000000a4700000, 0x00000000a4800000|  0%| F|  |TAMS 0x00000000a4700000, 0x00000000a4700000| Untracked 
|  38|0x00000000a4800000, 0x00000000a4800000, 0x00000000a4900000|  0%| F|  |TAMS 0x00000000a4800000, 0x00000000a4800000| Untracked 
|  39|0x00000000a4900000, 0x00000000a4a00000, 0x00000000a4a00000|100%| S|CS|TAMS 0x00000000a4900000, 0x00000000a4900000| Complete 
|  40|0x00000000a4a00000, 0x00000000a4b00000, 0x00000000a4b00000|100%| S|CS|TAMS 0x00000000a4a00000, 0x00000000a4a00000| Complete 
|  41|0x00000000a4b00000, 0x00000000a4b00000, 0x00000000a4c00000|  0%| F|  |TAMS 0x00000000a4b00000, 0x00000000a4b00000| Untracked 
|  42|0x00000000a4c00000, 0x00000000a4c00000, 0x00000000a4d00000|  0%| F|  |TAMS 0x00000000a4c00000, 0x00000000a4c00000| Untracked 
|  43|0x00000000a4d00000, 0x00000000a4e00000, 0x00000000a4e00000|100%| S|CS|TAMS 0x00000000a4d00000, 0x00000000a4d00000| Complete 
|  44|0x00000000a4e00000, 0x00000000a4e00000, 0x00000000a4f00000|  0%| F|  |TAMS 0x00000000a4e00000, 0x00000000a4e00000| Untracked 
|  45|0x00000000a4f00000, 0x00000000a4f00000, 0x00000000a5000000|  0%| F|  |TAMS 0x00000000a4f00000, 0x00000000a4f00000| Untracked 
|  46|0x00000000a5000000, 0x00000000a5000000, 0x00000000a5100000|  0%| F|  |TAMS 0x00000000a5000000, 0x00000000a5000000| Untracked 
|  47|0x00000000a5100000, 0x00000000a5100000, 0x00000000a5200000|  0%| F|  |TAMS 0x00000000a5100000, 0x00000000a5100000| Untracked 
|  48|0x00000000a5200000, 0x00000000a5200000, 0x00000000a5300000|  0%| F|  |TAMS 0x00000000a5200000, 0x00000000a5200000| Untracked 
|  49|0x00000000a5300000, 0x00000000a5300000, 0x00000000a5400000|  0%| F|  |TAMS 0x00000000a5300000, 0x00000000a5300000| Untracked 
|  50|0x00000000a5400000, 0x00000000a5400000, 0x00000000a5500000|  0%| F|  |TAMS 0x00000000a5400000, 0x00000000a5400000| Untracked 
|  51|0x00000000a5500000, 0x00000000a5500000, 0x00000000a5600000|  0%| F|  |TAMS 0x00000000a5500000, 0x00000000a5500000| Untracked 
|  52|0x00000000a5600000, 0x00000000a5600000, 0x00000000a5700000|  0%| F|  |TAMS 0x00000000a5600000, 0x00000000a5600000| Untracked 
|  53|0x00000000a5700000, 0x00000000a5700000, 0x00000000a5800000|  0%| F|  |TAMS 0x00000000a5700000, 0x00000000a5700000| Untracked 
|  54|0x00000000a5800000, 0x00000000a5800000, 0x00000000a5900000|  0%| F|  |TAMS 0x00000000a5800000, 0x00000000a5800000| Untracked 
|  55|0x00000000a5900000, 0x00000000a5900000, 0x00000000a5a00000|  0%| F|  |TAMS 0x00000000a5900000, 0x00000000a5900000| Untracked 
|  56|0x00000000a5a00000, 0x00000000a5a17d10, 0x00000000a5b00000|  9%| E|  |TAMS 0x00000000a5a00000, 0x00000000a5a00000| Complete 
|  80|0x00000000a7200000, 0x00000000a7300000, 0x00000000a7300000|100%| E|CS|TAMS 0x00000000a7200000, 0x00000000a7200000| Complete 
|  81|0x00000000a7300000, 0x00000000a7400000, 0x00000000a7400000|100%| E|CS|TAMS 0x00000000a7300000, 0x00000000a7300000| Complete 
|  93|0x00000000a7f00000, 0x00000000a8000000, 0x00000000a8000000|100%| E|CS|TAMS 0x00000000a7f00000, 0x00000000a7f00000| Complete 

Card table byte_map: [0x0000015bd55e0000,0x0000015bd58d0000] _byte_map_base: 0x0000015bd50cf000

Marking Bits (Prev, Next): (CMBitMap*) 0x0000015bbe540a60, (CMBitMap*) 0x0000015bbe540aa0
 Prev Bits: [0x0000015bd5bc0000, 0x0000015bd7338000)
 Next Bits: [0x0000015bd7340000, 0x0000015bd8ab8000)

Polling page: 0x0000015bbc4f0000

Metaspace:

Usage:
  Non-class:     59.87 MB used.
      Class:      9.54 MB used.
       Both:     69.41 MB used.

Virtual space:
  Non-class space:       64.00 MB reserved,      60.19 MB ( 94%) committed,  1 nodes.
      Class space:        1.00 GB reserved,       9.75 MB ( <1%) committed,  1 nodes.
             Both:        1.06 GB reserved,      69.94 MB (  6%) committed. 

Chunk freelists:
   Non-Class:  3.73 MB
       Class:  6.12 MB
        Both:  9.86 MB

MaxMetaspaceSize: unlimited
CompressedClassSpaceSize: 1.00 GB
Initial GC threshold: 21.00 MB
Current GC threshold: 110.94 MB
CDS: on
MetaspaceReclaimPolicy: balanced
 - commit_granule_bytes: 65536.
 - commit_granule_words: 8192.
 - virtual_space_node_default_size: 8388608.
 - enlarge_chunks_in_place: 1.
 - new_chunks_are_fully_committed: 0.
 - uncommit_free_chunks: 1.
 - use_allocation_guard: 0.
 - handle_deallocations: 1.


Internal statistics:

num_allocs_failed_limit: 9.
num_arena_births: 710.
num_arena_deaths: 0.
num_vsnodes_births: 2.
num_vsnodes_deaths: 0.
num_space_committed: 1119.
num_space_uncommitted: 0.
num_chunks_returned_to_freelist: 9.
num_chunks_taken_from_freelist: 3203.
num_chunk_merges: 6.
num_chunk_splits: 2333.
num_chunks_enlarged: 1861.
num_inconsistent_stats: 0.

CodeHeap 'non-profiled nmethods': size=120000Kb used=3095Kb max_used=3095Kb free=116904Kb
 bounds [0x0000015bcd870000, 0x0000015bcdb80000, 0x0000015bd4da0000]
CodeHeap 'profiled nmethods': size=120000Kb used=9969Kb max_used=10672Kb free=110030Kb
 bounds [0x0000015bc5da0000, 0x0000015bc6810000, 0x0000015bcd2d0000]
CodeHeap 'non-nmethods': size=5760Kb used=1363Kb max_used=1403Kb free=4396Kb
 bounds [0x0000015bcd2d0000, 0x0000015bcd540000, 0x0000015bcd870000]
 total_blobs=5950 nmethods=5264 adapters=597
 compilation: enabled
              stopped_count=0, restarted_count=0
 full_count=0

Compilation events (20 events):
Event: 19.146 Thread 0x0000015bdb7287a0 6142       1       com.fasterxml.jackson.databind.PropertyMetadata::getValueNulls (5 bytes)
Event: 19.146 Thread 0x0000015bdb7287a0 nmethod 6142 0x0000015bcd8ffa10 code [0x0000015bcd8ffba0, 0x0000015bcd8ffc78]
Event: 19.146 Thread 0x0000015bdb7287a0 6143       2       java.lang.ClassLoader::definePackage (53 bytes)
Event: 19.147 Thread 0x0000015bdb7287a0 nmethod 6143 0x0000015bc5e22e90 code [0x0000015bc5e23060, 0x0000015bc5e23438]
Event: 19.147 Thread 0x0000015bdb7287a0 6136       1       com.fasterxml.jackson.databind.AnnotationIntrospector::hasAnySetter (2 bytes)
Event: 19.147 Thread 0x0000015bdb7287a0 nmethod 6136 0x0000015bcd8ff710 code [0x0000015bcd8ff8a0, 0x0000015bcd8ff978]
Event: 19.186 Thread 0x0000015c24231370 nmethod 5601 0x0000015bcd9b6210 code [0x0000015bcd9b67c0, 0x0000015bcd9baa98]
Event: 19.188 Thread 0x0000015c24231370 5965       4       java.lang.String::hashCode (60 bytes)
Event: 19.197 Thread 0x0000015c24231370 nmethod 5965 0x0000015bcd9b5b10 code [0x0000015bcd9b5ca0, 0x0000015bcd9b6078]
Event: 19.198 Thread 0x0000015c24231370 5693       4       org.springframework.core.annotation.AnnotationsScanner::process (55 bytes)
Event: 19.234 Thread 0x0000015bdb7287a0 6144       2       org.apache.hc.core5.util.Args::notNull (6 bytes)
Event: 19.234 Thread 0x0000015bdb7287a0 nmethod 6144 0x0000015bc5e22a10 code [0x0000015bc5e22bc0, 0x0000015bc5e22d68]
Event: 19.239 Thread 0x0000015bdb7287a0 6145       2       java.util.regex.Pattern$BitClass::<init> (14 bytes)
Event: 19.239 Thread 0x0000015bdb7287a0 nmethod 6145 0x0000015bc5e22610 code [0x0000015bc5e227a0, 0x0000015bc5e22998]
Event: 19.240 Thread 0x0000015bdb7287a0 6147       2       java.util.regex.Pattern::newSlice (181 bytes)
Event: 19.241 Thread 0x0000015bdb7287a0 nmethod 6147 0x0000015bc5e21410 code [0x0000015bc5e216a0, 0x0000015bc5e221c8]
Event: 19.241 Thread 0x0000015bdb7287a0 6146       2       java.util.regex.Pattern::clazz (450 bytes)
Event: 19.243 Thread 0x0000015bdb7287a0 nmethod 6146 0x0000015bc5f20a10 code [0x0000015bc5f20d20, 0x0000015bc5f219d8]
Event: 19.257 Thread 0x0000015bdb7287a0 6148       2       java.time.format.DateTimeFormatterBuilder::appendInternal (94 bytes)
Event: 19.257 Thread 0x0000015bdb7287a0 nmethod 6148 0x0000015bc5f20310 code [0x0000015bc5f204e0, 0x0000015bc5f207d8]

GC Heap History (20 events):
Event: 11.085 GC heap before
{Heap before GC invocations=6 (full 0):
 garbage-first heap   total 61440K, used 44556K [0x00000000a2200000, 0x0000000100000000)
  region size 1024K, 28 young (28672K), 4 survivors (4096K)
 Metaspace       used 31420K, committed 31936K, reserved 1114112K
  class space    used 4113K, committed 4352K, reserved 1048576K
}
Event: 11.091 GC heap after
{Heap after GC invocations=7 (full 0):
 garbage-first heap   total 61440K, used 21039K [0x00000000a2200000, 0x0000000100000000)
  region size 1024K, 3 young (3072K), 3 survivors (3072K)
 Metaspace       used 31420K, committed 31936K, reserved 1114112K
  class space    used 4113K, committed 4352K, reserved 1048576K
}
Event: 11.759 GC heap before
{Heap before GC invocations=7 (full 0):
 garbage-first heap   total 61440K, used 34351K [0x00000000a2200000, 0x0000000100000000)
  region size 1024K, 17 young (17408K), 3 survivors (3072K)
 Metaspace       used 35524K, committed 35968K, reserved 1114112K
  class space    used 4592K, committed 4800K, reserved 1048576K
}
Event: 11.764 GC heap after
{Heap after GC invocations=8 (full 0):
 garbage-first heap   total 61440K, used 22510K [0x00000000a2200000, 0x0000000100000000)
  region size 1024K, 4 young (4096K), 4 survivors (4096K)
 Metaspace       used 35524K, committed 35968K, reserved 1114112K
  class space    used 4592K, committed 4800K, reserved 1048576K
}
Event: 13.337 GC heap before
{Heap before GC invocations=9 (full 0):
 garbage-first heap   total 61440K, used 44014K [0x00000000a2200000, 0x0000000100000000)
  region size 1024K, 26 young (26624K), 4 survivors (4096K)
 Metaspace       used 42994K, committed 43392K, reserved 1114112K
  class space    used 5571K, committed 5760K, reserved 1048576K
}
Event: 13.343 GC heap after
{Heap after GC invocations=10 (full 0):
 garbage-first heap   total 61440K, used 24127K [0x00000000a2200000, 0x0000000100000000)
  region size 1024K, 4 young (4096K), 4 survivors (4096K)
 Metaspace       used 42994K, committed 43392K, reserved 1114112K
  class space    used 5571K, committed 5760K, reserved 1048576K
}
Event: 14.314 GC heap before
{Heap before GC invocations=10 (full 0):
 garbage-first heap   total 61440K, used 44607K [0x00000000a2200000, 0x0000000100000000)
  region size 1024K, 25 young (25600K), 4 survivors (4096K)
 Metaspace       used 48531K, committed 48960K, reserved 1114112K
  class space    used 6449K, committed 6656K, reserved 1048576K
}
Event: 14.319 GC heap after
{Heap after GC invocations=11 (full 0):
 garbage-first heap   total 61440K, used 25470K [0x00000000a2200000, 0x0000000100000000)
  region size 1024K, 3 young (3072K), 3 survivors (3072K)
 Metaspace       used 48531K, committed 48960K, reserved 1114112K
  class space    used 6449K, committed 6656K, reserved 1048576K
}
Event: 15.158 GC heap before
{Heap before GC invocations=11 (full 0):
 garbage-first heap   total 61440K, used 45950K [0x00000000a2200000, 0x0000000100000000)
  region size 1024K, 24 young (24576K), 3 survivors (3072K)
 Metaspace       used 54988K, committed 55488K, reserved 1114112K
  class space    used 7376K, committed 7616K, reserved 1048576K
}
Event: 15.163 GC heap after
{Heap after GC invocations=12 (full 0):
 garbage-first heap   total 61440K, used 26367K [0x00000000a2200000, 0x0000000100000000)
  region size 1024K, 3 young (3072K), 3 survivors (3072K)
 Metaspace       used 54988K, committed 55488K, reserved 1114112K
  class space    used 7376K, committed 7616K, reserved 1048576K
}
Event: 15.909 GC heap before
{Heap before GC invocations=12 (full 0):
 garbage-first heap   total 61440K, used 45823K [0x00000000a2200000, 0x0000000100000000)
  region size 1024K, 23 young (23552K), 3 survivors (3072K)
 Metaspace       used 59830K, committed 60288K, reserved 1114112K
  class space    used 8152K, committed 8384K, reserved 1048576K
}
Event: 15.914 GC heap after
{Heap after GC invocations=13 (full 0):
 garbage-first heap   total 61440K, used 27521K [0x00000000a2200000, 0x0000000100000000)
  region size 1024K, 3 young (3072K), 3 survivors (3072K)
 Metaspace       used 59830K, committed 60288K, reserved 1114112K
  class space    used 8152K, committed 8384K, reserved 1048576K
}
Event: 16.711 GC heap before
{Heap before GC invocations=14 (full 0):
 garbage-first heap   total 61440K, used 49025K [0x00000000a2200000, 0x0000000100000000)
  region size 1024K, 24 young (24576K), 3 survivors (3072K)
 Metaspace       used 63374K, committed 63872K, reserved 1114112K
  class space    used 8711K, committed 8960K, reserved 1048576K
}
Event: 16.716 GC heap after
{Heap after GC invocations=15 (full 0):
 garbage-first heap   total 61440K, used 29453K [0x00000000a2200000, 0x0000000100000000)
  region size 1024K, 3 young (3072K), 3 survivors (3072K)
 Metaspace       used 63374K, committed 63872K, reserved 1114112K
  class space    used 8711K, committed 8960K, reserved 1048576K
}
Event: 17.313 GC heap before
{Heap before GC invocations=15 (full 0):
 garbage-first heap   total 61440K, used 49933K [0x00000000a2200000, 0x0000000100000000)
  region size 1024K, 23 young (23552K), 3 survivors (3072K)
 Metaspace       used 65915K, committed 66432K, reserved 1114112K
  class space    used 9043K, committed 9280K, reserved 1048576K
}
Event: 17.319 GC heap after
{Heap after GC invocations=16 (full 0):
 garbage-first heap   total 61440K, used 31595K [0x00000000a2200000, 0x0000000100000000)
  region size 1024K, 3 young (3072K), 3 survivors (3072K)
 Metaspace       used 65915K, committed 66432K, reserved 1114112K
  class space    used 9043K, committed 9280K, reserved 1048576K
}
Event: 18.477 GC heap before
{Heap before GC invocations=16 (full 0):
 garbage-first heap   total 61440K, used 49003K [0x00000000a2200000, 0x0000000100000000)
  region size 1024K, 20 young (20480K), 3 survivors (3072K)
 Metaspace       used 67561K, committed 68096K, reserved 1114112K
  class space    used 9269K, committed 9536K, reserved 1048576K
}
Event: 18.482 GC heap after
{Heap after GC invocations=17 (full 0):
 garbage-first heap   total 61440K, used 32825K [0x00000000a2200000, 0x0000000100000000)
  region size 1024K, 2 young (2048K), 2 survivors (2048K)
 Metaspace       used 67561K, committed 68096K, reserved 1114112K
  class space    used 9269K, committed 9536K, reserved 1048576K
}
Event: 19.083 GC heap before
{Heap before GC invocations=18 (full 0):
 garbage-first heap   total 61440K, used 48185K [0x00000000a2200000, 0x0000000100000000)
  region size 1024K, 18 young (18432K), 2 survivors (2048K)
 Metaspace       used 70335K, committed 70848K, reserved 1114112K
  class space    used 9682K, committed 9920K, reserved 1048576K
}
Event: 19.088 GC heap after
{Heap after GC invocations=19 (full 0):
 garbage-first heap   total 61440K, used 35054K [0x00000000a2200000, 0x0000000100000000)
  region size 1024K, 3 young (3072K), 3 survivors (3072K)
 Metaspace       used 70335K, committed 70848K, reserved 1114112K
  class space    used 9682K, committed 9920K, reserved 1048576K
}

Deoptimization events (20 events):
Event: 18.608 Thread 0x0000015bbe4f5000 DEOPT PACKING pc=0x0000015bc5eb6155 sp=0x0000001dc51faf30
Event: 18.608 Thread 0x0000015bbe4f5000 DEOPT UNPACKING pc=0x0000015bcd322b43 sp=0x0000001dc51fa3b8 mode 0
Event: 18.608 Thread 0x0000015bbe4f5000 Uncommon trap: trap_request=0xffffff45 fr.pc=0x0000015bcd93da50 relative=0x00000000000001d0
Event: 18.608 Thread 0x0000015bbe4f5000 Uncommon trap: reason=unstable_if action=reinterpret pc=0x0000015bcd93da50 method=java.lang.String.indexOf(Ljava/lang/String;)I @ 10 c2
Event: 18.608 Thread 0x0000015bbe4f5000 DEOPT PACKING pc=0x0000015bcd93da50 sp=0x0000001dc51fb5e0
Event: 18.608 Thread 0x0000015bbe4f5000 DEOPT UNPACKING pc=0x0000015bcd3223a3 sp=0x0000001dc51fb570 mode 2
Event: 18.609 Thread 0x0000015bbe4f5000 DEOPT PACKING pc=0x0000015bc661a0f0 sp=0x0000001dc51faf70
Event: 18.609 Thread 0x0000015bbe4f5000 DEOPT UNPACKING pc=0x0000015bcd322b43 sp=0x0000001dc51fa410 mode 0
Event: 18.610 Thread 0x0000015bbe4f5000 DEOPT PACKING pc=0x0000015bc6638762 sp=0x0000001dc51fb030
Event: 18.610 Thread 0x0000015bbe4f5000 DEOPT UNPACKING pc=0x0000015bcd322b43 sp=0x0000001dc51fa578 mode 0
Event: 18.610 Thread 0x0000015bbe4f5000 DEOPT PACKING pc=0x0000015bc5eb6155 sp=0x0000001dc51faf30
Event: 18.610 Thread 0x0000015bbe4f5000 DEOPT UNPACKING pc=0x0000015bcd322b43 sp=0x0000001dc51fa3b8 mode 0
Event: 18.619 Thread 0x0000015bbe4f5000 Uncommon trap: trap_request=0xffffff45 fr.pc=0x0000015bcd87a130 relative=0x00000000000001b0
Event: 18.619 Thread 0x0000015bbe4f5000 Uncommon trap: reason=unstable_if action=reinterpret pc=0x0000015bcd87a130 method=java.lang.String.isLatin1()Z @ 10 c2
Event: 18.619 Thread 0x0000015bbe4f5000 DEOPT PACKING pc=0x0000015bcd87a130 sp=0x0000001dc51fb500
Event: 18.619 Thread 0x0000015bbe4f5000 DEOPT UNPACKING pc=0x0000015bcd3223a3 sp=0x0000001dc51fb430 mode 2
Event: 19.110 Thread 0x0000015bbe4f5000 Uncommon trap: trap_request=0xffffff45 fr.pc=0x0000015bcd99eb44 relative=0x0000000000000204
Event: 19.110 Thread 0x0000015bbe4f5000 Uncommon trap: reason=unstable_if action=reinterpret pc=0x0000015bcd99eb44 method=org.springframework.beans.factory.support.AbstractAutowireCapableBeanFactory.determineTargetType(Ljava/lang/String;Lorg/springframework/beans/factory/support/RootBeanDefinit
Event: 19.110 Thread 0x0000015bbe4f5000 DEOPT PACKING pc=0x0000015bcd99eb44 sp=0x0000001dc51f9890
Event: 19.110 Thread 0x0000015bbe4f5000 DEOPT UNPACKING pc=0x0000015bcd3223a3 sp=0x0000001dc51f9848 mode 2

Classes unloaded (0 events):
No events

Classes redefined (0 events):
No events

Internal exceptions (20 events):
Event: 15.735 Thread 0x0000015bbe4f5000 Exception <a 'java/lang/NoSuchMethodError'{0x00000000a4f73490}: 'java.lang.Object java.lang.invoke.DirectMethodHandle$Holder.invokeSpecial(java.lang.Object, java.lang.Object, java.lang.Object, java.lang.Object, java.lang.Object, java.lang.Object, java.lang.Object, java.lang.Object, int)'> (0x00000000a4f73490) 
thrown [s\open\src\hotspot\share\interpreter\linkResolver.cpp, line 759]
Event: 15.735 Thread 0x0000015bbe4f5000 Exception <a 'java/lang/NoSuchMethodError'{0x00000000a4f77f58}: 'java.lang.Object java.lang.invoke.Invokers$Holder.linkToTargetMethod(java.lang.Object, java.lang.Object, java.lang.Object, java.lang.Object, java.lang.Object, java.lang.Object, int, java.lang.Object)'> (0x00000000a4f77f58) 
thrown [s\open\src\hotspot\share\interpreter\linkResolver.cpp, line 759]
Event: 15.767 Thread 0x0000015bbe4f5000 Exception <a 'java/lang/NoSuchMethodError'{0x00000000a4e450e0}: 'void java.lang.invoke.DirectMethodHandle$Holder.invokeInterface(java.lang.Object, java.lang.Object)'> (0x00000000a4e450e0) 
thrown [s\open\src\hotspot\share\interpreter\linkResolver.cpp, line 759]
Event: 15.952 Thread 0x0000015bbe4f5000 Exception <a 'java/lang/IncompatibleClassChangeError'{0x00000000a738f7c8}: Found class java.lang.Object, but interface was expected> (0x00000000a738f7c8) 
thrown [s\open\src\hotspot\share\interpreter\linkResolver.cpp, line 826]
Event: 15.972 Thread 0x0000015bbe4f5000 Exception <a 'java/lang/IncompatibleClassChangeError'{0x00000000a720ed20}: Found class java.lang.Object, but interface was expected> (0x00000000a720ed20) 
thrown [s\open\src\hotspot\share\interpreter\linkResolver.cpp, line 826]
Event: 16.032 Thread 0x0000015bbe4f5000 Exception <a 'java/lang/IncompatibleClassChangeError'{0x00000000a5a7fc48}: Found class java.lang.Object, but interface was expected> (0x00000000a5a7fc48) 
thrown [s\open\src\hotspot\share\interpreter\linkResolver.cpp, line 826]
Event: 16.265 Thread 0x0000015bbe4f5000 Exception <a 'java/lang/IncompatibleClassChangeError'{0x00000000a54f30e8}: Found class java.lang.Object, but interface was expected> (0x00000000a54f30e8) 
thrown [s\open\src\hotspot\share\interpreter\linkResolver.cpp, line 826]
Event: 16.370 Thread 0x0000015bbe4f5000 Exception <a 'java/lang/reflect/InvocationTargetException'{0x00000000a5171408}> (0x00000000a5171408) 
thrown [s\open\src\hotspot\share\runtime\reflection.cpp, line 1121]
Event: 16.388 Thread 0x0000015bbe4f5000 Exception <a 'java/lang/NoSuchMethodError'{0x00000000a51d6288}: 'int java.lang.invoke.DirectMethodHandle$Holder.invokeStatic(java.lang.Object, java.lang.Object, int)'> (0x00000000a51d6288) 
thrown [s\open\src\hotspot\share\interpreter\linkResolver.cpp, line 759]
Event: 16.402 Thread 0x0000015bbe4f5000 Exception <a 'java/lang/IncompatibleClassChangeError'{0x00000000a501d3c8}: Found class java.lang.Object, but interface was expected> (0x00000000a501d3c8) 
thrown [s\open\src\hotspot\share\interpreter\linkResolver.cpp, line 826]
Event: 16.476 Thread 0x0000015bbe4f5000 Exception <a 'java/lang/NoSuchMethodError'{0x00000000a4fcbe80}: 'java.lang.Object java.lang.invoke.DirectMethodHandle$Holder.invokeStatic(java.lang.Object, int, java.lang.Object)'> (0x00000000a4fcbe80) 
thrown [s\open\src\hotspot\share\interpreter\linkResolver.cpp, line 759]
Event: 16.906 Thread 0x0000015bbe4f5000 Exception <a 'sun/nio/fs/WindowsException'{0x00000000a5709550}> (0x00000000a5709550) 
thrown [s\open\src\hotspot\share\prims\jni.cpp, line 516]
Event: 16.989 Thread 0x0000015bbe4f5000 Exception <a 'java/lang/IncompatibleClassChangeError'{0x00000000a54a1650}: Found class java.lang.Object, but interface was expected> (0x00000000a54a1650) 
thrown [s\open\src\hotspot\share\interpreter\linkResolver.cpp, line 826]
Event: 17.052 Thread 0x0000015bbe4f5000 Exception <a 'java/lang/NoSuchMethodError'{0x00000000a524c438}: 'void java.lang.invoke.DirectMethodHandle$Holder.invokeVirtual(java.lang.Object, java.lang.Object, long)'> (0x00000000a524c438) 
thrown [s\open\src\hotspot\share\interpreter\linkResolver.cpp, line 759]
Event: 17.199 Thread 0x0000015bbe4f5000 Exception <a 'java/lang/IncompatibleClassChangeError'{0x00000000a4ed80c8}: Found class java.lang.Object, but interface was expected> (0x00000000a4ed80c8) 
thrown [s\open\src\hotspot\share\interpreter\linkResolver.cpp, line 826]
Event: 17.214 Thread 0x0000015bbe4f5000 Implicit null exception at 0x0000015bcd99acba to 0x0000015bcd99aea8
Event: 17.748 Thread 0x0000015bbe4f5000 Implicit null exception at 0x0000015bcdb3f0ec to 0x0000015bcdb3f194
Event: 17.748 Thread 0x0000015bbe4f5000 Implicit null exception at 0x0000015bcdb3f0ec to 0x0000015bcdb3f194
Event: 18.289 Thread 0x0000015bbe4f5000 Exception <a 'java/lang/NoSuchMethodError'{0x00000000a5144a68}: 'java.lang.Object java.lang.invoke.DirectMethodHandle$Holder.newInvokeSpecial(java.lang.Object, java.lang.Object, int, java.lang.Object, java.lang.Object)'> (0x00000000a5144a68) 
thrown [s\open\src\hotspot\share\interpreter\linkResolver.cpp, line 759]
Event: 18.426 Thread 0x0000015bbe4f5000 Exception <a 'java/lang/NoSuchMethodError'{0x00000000a4e829a8}: 'double java.lang.invoke.DirectMethodHandle$Holder.invokeVirtual(java.lang.Object, java.lang.Object)'> (0x00000000a4e829a8) 
thrown [s\open\src\hotspot\share\interpreter\linkResolver.cpp, line 759]

VM Operations (20 events):
Event: 16.771 Executing VM operation: HandshakeAllThreads
Event: 16.771 Executing VM operation: HandshakeAllThreads done
Event: 17.084 Executing VM operation: HandshakeAllThreads
Event: 17.084 Executing VM operation: HandshakeAllThreads done
Event: 17.313 Executing VM operation: G1CollectForAllocation
Event: 17.319 Executing VM operation: G1CollectForAllocation done
Event: 17.738 Executing VM operation: HandshakeAllThreads
Event: 17.738 Executing VM operation: HandshakeAllThreads done
Event: 18.477 Executing VM operation: G1CollectForAllocation
Event: 18.482 Executing VM operation: G1CollectForAllocation done
Event: 18.514 Executing VM operation: G1Concurrent
Event: 18.518 Executing VM operation: G1Concurrent done
Event: 18.533 Executing VM operation: G1Concurrent
Event: 18.534 Executing VM operation: G1Concurrent done
Event: 18.918 Executing VM operation: HandshakeAllThreads
Event: 18.918 Executing VM operation: HandshakeAllThreads done
Event: 19.083 Executing VM operation: G1CollectForAllocation
Event: 19.088 Executing VM operation: G1CollectForAllocation done
Event: 19.184 Executing VM operation: HandshakeAllThreads
Event: 19.184 Executing VM operation: HandshakeAllThreads done

Events (20 events):
Event: 19.092 loading class java/util/OptionalLong
Event: 19.092 loading class java/util/OptionalLong done
Event: 19.093 loading class java/util/OptionalDouble
Event: 19.093 loading class java/util/OptionalDouble done
Event: 19.154 loading class java/util/concurrent/atomic/AtomicMarkableReference
Event: 19.154 loading class java/util/concurrent/atomic/AtomicMarkableReference done
Event: 19.154 loading class java/util/concurrent/atomic/AtomicMarkableReference$Pair
Event: 19.154 loading class java/util/concurrent/atomic/AtomicMarkableReference$Pair done
Event: 19.183 loading class java/nio/StringCharBuffer
Event: 19.183 loading class java/nio/StringCharBuffer done
Event: 19.184 loading class sun/nio/cs/ThreadLocalCoders
Event: 19.185 loading class sun/nio/cs/ThreadLocalCoders done
Event: 19.185 loading class sun/nio/cs/ThreadLocalCoders$1
Event: 19.186 loading class sun/nio/cs/ThreadLocalCoders$Cache
Event: 19.186 loading class sun/nio/cs/ThreadLocalCoders$Cache done
Event: 19.186 loading class sun/nio/cs/ThreadLocalCoders$1 done
Event: 19.186 loading class sun/nio/cs/ThreadLocalCoders$2
Event: 19.186 loading class sun/nio/cs/ThreadLocalCoders$2 done
Event: 19.187 loading class sun/nio/cs/US_ASCII$Encoder
Event: 19.188 loading class sun/nio/cs/US_ASCII$Encoder done


Dynamic libraries:
0x00007ff6179a0000 - 0x00007ff6179b0000 	C:\Program Files\Java\jdk-17\bin\java.exe
0x00007ff8050f0000 - 0x00007ff805307000 	C:\WINDOWS\SYSTEM32\ntdll.dll
0x00007ff8032b0000 - 0x00007ff803374000 	C:\WINDOWS\System32\KERNEL32.DLL
0x00007ff802550000 - 0x00007ff802907000 	C:\WINDOWS\System32\KERNELBASE.dll
0x00007ff802430000 - 0x00007ff802541000 	C:\WINDOWS\System32\ucrtbase.dll
0x00007ffffa4d0000 - 0x00007ffffa4e9000 	C:\Program Files\Java\jdk-17\bin\jli.dll
0x00007ffffa200000 - 0x00007ffffa21b000 	C:\Program Files\Java\jdk-17\bin\VCRUNTIME140.dll
0x00007ff803640000 - 0x00007ff8036f2000 	C:\WINDOWS\System32\ADVAPI32.dll
0x00007ff804d60000 - 0x00007ff804e07000 	C:\WINDOWS\System32\msvcrt.dll
0x00007ff803e40000 - 0x00007ff803ee8000 	C:\WINDOWS\System32\sechost.dll
0x00007ff802400000 - 0x00007ff802428000 	C:\WINDOWS\System32\bcrypt.dll
0x00007ff804340000 - 0x00007ff804454000 	C:\WINDOWS\System32\RPCRT4.dll
0x00007ff803fd0000 - 0x00007ff80417f000 	C:\WINDOWS\System32\USER32.dll
0x00007ff802df0000 - 0x00007ff802e16000 	C:\WINDOWS\System32\win32u.dll
0x00007ff803590000 - 0x00007ff8035b9000 	C:\WINDOWS\System32\GDI32.dll
0x00007ff8029d0000 - 0x00007ff802ae8000 	C:\WINDOWS\System32\gdi32full.dll
0x00007fffe2a00000 - 0x00007fffe2c93000 	C:\WINDOWS\WinSxS\amd64_microsoft.windows.common-controls_6595b64144ccf1df_6.0.22621.3672_none_2713b9d173822955\COMCTL32.dll
0x00007ff802c60000 - 0x00007ff802cfa000 	C:\WINDOWS\System32\msvcp_win.dll
0x00007ffff9a70000 - 0x00007ffff9a7a000 	C:\WINDOWS\SYSTEM32\VERSION.dll
0x00007ff803b10000 - 0x00007ff803b41000 	C:\WINDOWS\System32\IMM32.DLL
0x00007ffffddd0000 - 0x00007ffffdddc000 	C:\Program Files\Java\jdk-17\bin\vcruntime140_1.dll
0x00007fffeac80000 - 0x00007fffead0e000 	C:\Program Files\Java\jdk-17\bin\msvcp140.dll
0x00007fff5a680000 - 0x00007fff5b260000 	C:\Program Files\Java\jdk-17\bin\server\jvm.dll
0x00007ff804e90000 - 0x00007ff804e98000 	C:\WINDOWS\System32\PSAPI.DLL
0x00007fffedb30000 - 0x00007fffedb39000 	C:\WINDOWS\SYSTEM32\WSOCK32.dll
0x00007ff8035c0000 - 0x00007ff803631000 	C:\WINDOWS\System32\WS2_32.dll
0x00007ffffcb70000 - 0x00007ffffcba4000 	C:\WINDOWS\SYSTEM32\WINMM.dll
0x00007ff801420000 - 0x00007ff801438000 	C:\WINDOWS\SYSTEM32\kernel.appcore.dll
0x00007ffffa4c0000 - 0x00007ffffa4ca000 	C:\Program Files\Java\jdk-17\bin\jimage.dll
0x00007fffffdb0000 - 0x00007ffffffe2000 	C:\WINDOWS\SYSTEM32\DBGHELP.DLL
0x00007ff803780000 - 0x00007ff803b0e000 	C:\WINDOWS\System32\combase.dll
0x00007ff803ef0000 - 0x00007ff803fc7000 	C:\WINDOWS\System32\OLEAUT32.dll
0x00007fffeab10000 - 0x00007fffeab42000 	C:\WINDOWS\SYSTEM32\dbgcore.DLL
0x00007ff802d00000 - 0x00007ff802d7b000 	C:\WINDOWS\System32\bcryptPrimitives.dll
0x00007fffdf2c0000 - 0x00007fffdf2ce000 	C:\Program Files\Java\jdk-17\bin\instrument.dll
0x00007fffede60000 - 0x00007fffede85000 	C:\Program Files\Java\jdk-17\bin\java.dll
0x00007fffdf2d0000 - 0x00007fffdf3a7000 	C:\Program Files\Java\jdk-17\bin\jsvml.dll
0x00007ff8044d0000 - 0x00007ff804d39000 	C:\WINDOWS\System32\SHELL32.dll
0x00007ff8002e0000 - 0x00007ff800bdf000 	C:\WINDOWS\SYSTEM32\windows.storage.dll
0x00007ff8001a0000 - 0x00007ff8002df000 	C:\WINDOWS\SYSTEM32\wintypes.dll
0x00007ff803430000 - 0x00007ff803529000 	C:\WINDOWS\System32\SHCORE.dll
0x00007ff803530000 - 0x00007ff80358e000 	C:\WINDOWS\System32\shlwapi.dll
0x00007ff802330000 - 0x00007ff802357000 	C:\WINDOWS\SYSTEM32\profapi.dll
0x00007fffe1b40000 - 0x00007fffe1b58000 	C:\Program Files\Java\jdk-17\bin\zip.dll
0x00007fffeac60000 - 0x00007fffeac79000 	C:\Program Files\Java\jdk-17\bin\net.dll
0x00007ffffd3b0000 - 0x00007ffffd4e6000 	C:\WINDOWS\SYSTEM32\WINHTTP.dll
0x00007ff8018c0000 - 0x00007ff801929000 	C:\WINDOWS\system32\mswsock.dll
0x00007fffe1b60000 - 0x00007fffe1b76000 	C:\Program Files\Java\jdk-17\bin\nio.dll
0x00007fffcbaf0000 - 0x00007fffcbb0a000 	C:\Program Files\JetBrains\IntelliJ IDEA Community Edition 2021.1.1\bin\breakgen64.dll
0x00007ff800e00000 - 0x00007ff800e2d000 	C:\WINDOWS\SYSTEM32\IPHLPAPI.DLL
0x00007ff804180000 - 0x00007ff804189000 	C:\WINDOWS\System32\NSI.dll
0x00007ffffd180000 - 0x00007ffffd199000 	C:\WINDOWS\SYSTEM32\dhcpcsvc6.DLL
0x00007ffffd120000 - 0x00007ffffd13f000 	C:\WINDOWS\SYSTEM32\dhcpcsvc.DLL
0x00007ff800e60000 - 0x00007ff800f62000 	C:\WINDOWS\SYSTEM32\DNSAPI.dll
0x00007ffff8fd0000 - 0x00007ffff8fda000 	C:\Windows\System32\rasadhlp.dll
0x00007ffffc260000 - 0x00007ffffc2e3000 	C:\WINDOWS\System32\fwpuclnt.dll
0x00007fffdf260000 - 0x00007fffdf26e000 	C:\Program Files\Java\jdk-17\bin\sunmscapi.dll
0x00007ff802af0000 - 0x00007ff802c56000 	C:\WINDOWS\System32\CRYPT32.dll
0x00007ff801cd0000 - 0x00007ff801cfd000 	C:\WINDOWS\SYSTEM32\ncrypt.dll
0x00007ff801c90000 - 0x00007ff801cc7000 	C:\WINDOWS\SYSTEM32\NTASN1.dll
0x00007ff801b10000 - 0x00007ff801b2b000 	C:\WINDOWS\SYSTEM32\CRYPTSP.dll
0x00007ff801380000 - 0x00007ff8013b5000 	C:\WINDOWS\system32\rsaenh.dll
0x00007ff8019b0000 - 0x00007ff8019d8000 	C:\WINDOWS\SYSTEM32\USERENV.dll
0x00007ff801b30000 - 0x00007ff801b3c000 	C:\WINDOWS\SYSTEM32\CRYPTBASE.dll
0x00007fffedca0000 - 0x00007fffedcaa000 	C:\Program Files\Java\jdk-17\bin\management.dll
0x00007fffeac50000 - 0x00007fffeac5b000 	C:\Program Files\Java\jdk-17\bin\management_ext.dll
0x00007fffedda0000 - 0x00007fffeddb0000 	C:\Program Files\Java\jdk-17\bin\verify.dll
0x00007fffd53d0000 - 0x00007fffd53d8000 	C:\WINDOWS\system32\wshunix.dll

dbghelp: loaded successfully - version: 4.0.5 - missing functions: none
symbol engine: initialized successfully - sym options: 0x614 - pdb path: .;C:\Program Files\Java\jdk-17\bin;C:\WINDOWS\SYSTEM32;C:\WINDOWS\WinSxS\amd64_microsoft.windows.common-controls_6595b64144ccf1df_6.0.22621.3672_none_2713b9d173822955;C:\Program Files\Java\jdk-17\bin\server;C:\Program Files\JetBrains\IntelliJ IDEA Community Edition 2021.1.1\bin

VM Arguments:
jvm_args: -javaagent:C:\Program Files\JetBrains\IntelliJ IDEA Community Edition 2021.1.1\lib\idea_rt.jar=51162:C:\Program Files\JetBrains\IntelliJ IDEA Community Edition 2021.1.1\bin -Dfile.encoding=UTF-8 
java_command: com.chandu.inventory_service.InventoryServiceApplication
java_class_path (initial): C:\My Projects\online_shop\online-shop-microservices\inventory-service\target\classes;C:\Users\Lenovo\.m2\repository\org\springframework\boot\spring-boot-starter-data-jpa\3.3.5\spring-boot-starter-data-jpa-3.3.5.jar;C:\Users\Lenovo\.m2\repository\org\springframework\boot\spring-boot-starter-aop\3.3.5\spring-boot-starter-aop-3.3.5.jar;C:\Users\Lenovo\.m2\repository\org\springframework\spring-aop\6.1.14\spring-aop-6.1.14.jar;C:\Users\Lenovo\.m2\repository\org\aspectj\aspectjweaver\1.9.22.1\aspectjweaver-1.9.22.1.jar;C:\Users\Lenovo\.m2\repository\org\springframework\boot\spring-boot-starter-jdbc\3.3.5\spring-boot-starter-jdbc-3.3.5.jar;C:\Users\Lenovo\.m2\repository\com\zaxxer\HikariCP\5.1.0\HikariCP-5.1.0.jar;C:\Users\Lenovo\.m2\repository\org\springframework\spring-jdbc\6.1.14\spring-jdbc-6.1.14.jar;C:\Users\Lenovo\.m2\repository\org\hibernate\orm\hibernate-core\6.5.3.Final\hibernate-core-6.5.3.Final.jar;C:\Users\Lenovo\.m2\repository\jakarta\persistence\jakarta.persistence-api\3.1.0\jakarta.persistence-api-3.1.0.jar;C:\Users\Lenovo\.m2\repository\jakarta\transaction\jakarta.transaction-api\2.0.1\jakarta.transaction-api-2.0.1.jar;C:\Users\Lenovo\.m2\repository\org\jboss\logging\jboss-logging\3.5.3.Final\jboss-logging-3.5.3.Final.jar;C:\Users\Lenovo\.m2\repository\org\hibernate\common\hibernate-commons-annotations\6.0.6.Final\hibernate-commons-annotations-6.0.6.Final.jar;C:\Users\Lenovo\.m2\repository\io\smallrye\jandex\3.1.2\jandex-3.1.2.jar;C:\Users\Lenovo\.m2\repository\com\fasterxml\classmate\1.7.0\classmate-1.7.0.jar;C:\Users\Lenovo\.m2\repository\net\bytebuddy\byte-buddy\1.14.19\byte-buddy-1.14.19.jar;C:\Users\Lenovo\.m2\repository\org\glassfish\jaxb\jaxb-runtime\4.0.5\jaxb-runtime-4.0.5.jar;C:\Users\Lenovo\.m2\repository\org\glassfish\jaxb\jaxb-core\4.0.5\jaxb-core-4.0.5.jar;C:\Users\Lenovo\.m2\repository\org\eclipse\angus\angus-activation\2.0.2\angus-activation-2.0.2.jar;C:\Users\Lenovo\.m2\repository\org\glassfish\jaxb\txw2\4.0.5
Launcher Type: SUN_STANDARD

[Global flags]
     intx CICompilerCount                          = 4                                         {product} {ergonomic}
     uint ConcGCThreads                            = 3                                         {product} {ergonomic}
     uint G1ConcRefinementThreads                  = 10                                        {product} {ergonomic}
   size_t G1HeapRegionSize                         = 1048576                                   {product} {ergonomic}
    uintx GCDrainStackTargetSize                   = 64                                        {product} {ergonomic}
   size_t InitialHeapSize                          = 98566144                                  {product} {ergonomic}
   size_t MarkStackSize                            = 4194304                                   {product} {ergonomic}
   size_t MaxHeapSize                              = 1574961152                                {product} {ergonomic}
   size_t MaxNewSize                               = 944766976                                 {product} {ergonomic}
   size_t MinHeapDeltaBytes                        = 1048576                                   {product} {ergonomic}
   size_t MinHeapSize                              = 8388608                                   {product} {ergonomic}
    uintx NonNMethodCodeHeapSize                   = 5839372                                {pd product} {ergonomic}
    uintx NonProfiledCodeHeapSize                  = 122909434                              {pd product} {ergonomic}
    uintx ProfiledCodeHeapSize                     = 122909434                              {pd product} {ergonomic}
    uintx ReservedCodeCacheSize                    = 251658240                              {pd product} {ergonomic}
     bool SegmentedCodeCache                       = true                                      {product} {ergonomic}
   size_t SoftMaxHeapSize                          = 1574961152                             {manageable} {ergonomic}
     bool UseCompressedClassPointers               = true                           {product lp64_product} {ergonomic}
     bool UseCompressedOops                        = true                           {product lp64_product} {ergonomic}
     bool UseG1GC                                  = true                                      {product} {ergonomic}
     bool UseLargePagesIndividualAllocation        = false                                  {pd product} {ergonomic}

Logging:
Log output configuration:
 #0: stdout all=warning uptime,level,tags
 #1: stderr all=off uptime,level,tags

Environment Variables:
JAVA_HOME=C:\Program Files\Java\jdk-18.0.1
PATH=C:\oraclexe\app\oracle\product\11.2.0\server\bin;C:\Users\Lenovo\Downloads\WINDOWS.X64_193000_db_home\bin;C:\Program Files\Common Files\Oracle\Java\javapath;C:\WINDOWS\system32;C:\WINDOWS;C:\WINDOWS\System32\Wbem;C:\WINDOWS\System32\WindowsPowerShell\v1.0\;C:\WINDOWS\System32\OpenSSH\;C:\Program Files\Git\cmd;C:\Program Files\Docker\Docker\resources\bin;C:\Program Files\MongoDB\Server\7.0\bin;C:\Users\Lenovo\AppData\Local\Microsoft\WindowsApps;C:\Users\Lenovo\AppData\Local\GitHubDesktop\bin;C:\Users\Lenovo\AppData\Local\Programs\mongosh\;C:\Users\Lenovo\AppData\Local\Programs\Microsoft VS Code\bin
USERNAME=Lenovo
OS=Windows_NT
PROCESSOR_IDENTIFIER=AMD64 Family 23 Model 104 Stepping 1, AuthenticAMD



---------------  S Y S T E M  ---------------

OS:
 Windows 11 , 64 bit Build 22621 (10.0.22621.3958)
OS uptime: 0 days 0:26 hours
Hyper-V role detected

CPU: total 12 (initial active 12) (12 cores per cpu, 2 threads per core) family 23 model 104 stepping 1 microcode 0x0, cx8, cmov, fxsr, ht, mmx, 3dnowpref, sse, sse2, sse3, ssse3, sse4a, sse4.1, sse4.2, popcnt, lzcnt, tsc, tscinvbit, avx, avx2, aes, clmul, bmi1, bmi2, adx, sha, fma, vzeroupper, clflush, clflushopt, hv

Memory: 4k page, system-wide physical 6005M (201M free)
TotalPageFile size 24437M (AvailPageFile size 6M)
current process WorkingSet (physical memory assigned to process): 261M, peak: 266M
current process commit charge ("private bytes"): 305M, peak: 309M

vm_info: Java HotSpot(TM) 64-Bit Server VM (17.0.11+7-LTS-207) for windows-amd64 JRE (17.0.11+7-LTS-207), built on Mar 11 2024 19:01:50 by "mach5one" with MS VC++ 17.6 (VS2022)

END.
