#
# There is insufficient memory for the Java Runtime Environment to continue.
# Native memory allocation (malloc) failed to allocate 1556976 bytes for Chunk::new
# Possible reasons:
#   The system is out of physical RAM or swap space
#   The process is running with CompressedOops enabled, and the Java Heap may be blocking the growth of the native heap
# Possible solutions:
#   Reduce memory load on the system
#   Increase physical memory or swap space
#   Check if swap backing store is full
#   Decrease Java heap size (-Xmx/-Xms)
#   Decrease number of Java threads
#   Decrease Java thread stack sizes (-Xss)
#   Set larger code cache with -XX:ReservedCodeCacheSize=
#   JVM is running with Unscaled Compressed Oops mode in which the Java heap is
#     placed in the first 4GB address space. The Java Heap base address is the
#     maximum limit for the native heap growth. Please use -XX:HeapBaseMinAddress
#     to set the Java Heap base and to place the Java Heap above 4GB virtual address.
# This output file may be truncated or incomplete.
#
#  Out of Memory Error (arena.cpp:189), pid=8432, tid=21456
#
# JRE version: Java(TM) SE Runtime Environment (17.0.11+7) (build 17.0.11+7-LTS-207)
# Java VM: Java HotSpot(TM) 64-Bit Server VM (17.0.11+7-LTS-207, mixed mode, sharing, tiered, compressed oops, compressed class ptrs, g1 gc, windows-amd64)
# No core dump will be written. Minidumps are not enabled by default on client versions of Windows
#

---------------  S U M M A R Y ------------

Command Line: -agentlib:jdwp=transport=dt_socket,address=127.0.0.1:51072,suspend=y,server=n -javaagent:C:\Users\Lenovo\AppData\Local\JetBrains\IdeaIC2021.1\captureAgent\debugger-agent.jar=file:/C:/Users/Lenovo/AppData/Local/Temp/capture.props -Dfile.encoding=UTF-8 com.chandu.order_service.OrderServiceApplication

Host: AMD Ryzen 5 5500U with Radeon Graphics         , 12 cores, 5G,  Windows 11 , 64 bit Build 22621 (10.0.22621.3958)
Time: Sun Nov 10 16:42:59 2024 India Standard Time elapsed time: 26.495951 seconds (0d 0h 0m 26s)

---------------  T H R E A D  ---------------

Current thread (0x000001fbcc250750):  JavaThread "C2 CompilerThread0" daemon [_thread_in_native, id=21456, stack(0x0000000bbf000000,0x0000000bbf100000)]


Current CompileTask:
C2:  26496 4511       4       org.aspectj.apache.bcel.classfile.Attribute::readAttribute (568 bytes)

Stack: [0x0000000bbf000000,0x0000000bbf100000]
Native frames: (J=compiled Java code, j=interpreted, Vv=VM code, C=native code)
V  [jvm.dll+0x679cca]
V  [jvm.dll+0x7da13d]
V  [jvm.dll+0x7dba83]
V  [jvm.dll+0x7dc0f3]
V  [jvm.dll+0x2449af]
V  [jvm.dll+0xab83b]
V  [jvm.dll+0xabe1c]
V  [jvm.dll+0x36155f]
V  [jvm.dll+0x1b9dda]
V  [jvm.dll+0x216337]
V  [jvm.dll+0x21560f]
V  [jvm.dll+0x1a2040]
V  [jvm.dll+0x225a2b]
V  [jvm.dll+0x223bcb]
V  [jvm.dll+0x7903ec]
V  [jvm.dll+0x78a85a]
V  [jvm.dll+0x678bb5]
C  [ucrtbase.dll+0x29333]
C  [KERNEL32.DLL+0x1257d]
C  [ntdll.dll+0x5af08]


---------------  P R O C E S S  ---------------

Threads class SMR info:
_java_thread_list=0x000001fc1217c2c0, length=15, elements={
0x000001fbad0bc450, 0x000001fbcc233520, 0x000001fbcc2341a0, 0x000001fbcc246ce0,
0x000001fbcc2475b0, 0x000001fbcc2498b0, 0x000001fbcc24faa0, 0x000001fbcc250750,
0x000001fbcc259d40, 0x000001fbcc262e20, 0x000001fbad16e700, 0x000001fbcc4f62f0,
0x000001fbcc4f67e0, 0x000001fbcc4f70e0, 0x000001fbcc8fad80
}

Java Threads: ( => current thread )
  0x000001fbad0bc450 JavaThread "main" [_thread_in_Java, id=21348, stack(0x0000000bbe300000,0x0000000bbe400000)]
  0x000001fbcc233520 JavaThread "Reference Handler" daemon [_thread_blocked, id=21416, stack(0x0000000bbea00000,0x0000000bbeb00000)]
  0x000001fbcc2341a0 JavaThread "Finalizer" daemon [_thread_blocked, id=21420, stack(0x0000000bbeb00000,0x0000000bbec00000)]
  0x000001fbcc246ce0 JavaThread "Signal Dispatcher" daemon [_thread_blocked, id=21440, stack(0x0000000bbec00000,0x0000000bbed00000)]
  0x000001fbcc2475b0 JavaThread "Attach Listener" daemon [_thread_blocked, id=21444, stack(0x0000000bbed00000,0x0000000bbee00000)]
  0x000001fbcc2498b0 JavaThread "Service Thread" daemon [_thread_blocked, id=21448, stack(0x0000000bbee00000,0x0000000bbef00000)]
  0x000001fbcc24faa0 JavaThread "Monitor Deflation Thread" daemon [_thread_blocked, id=21452, stack(0x0000000bbef00000,0x0000000bbf000000)]
=>0x000001fbcc250750 JavaThread "C2 CompilerThread0" daemon [_thread_in_native, id=21456, stack(0x0000000bbf000000,0x0000000bbf100000)]
  0x000001fbcc259d40 JavaThread "C1 CompilerThread0" daemon [_thread_blocked, id=21460, stack(0x0000000bbf100000,0x0000000bbf200000)]
  0x000001fbcc262e20 JavaThread "Sweeper thread" daemon [_thread_blocked, id=21464, stack(0x0000000bbf200000,0x0000000bbf300000)]
  0x000001fbad16e700 JavaThread "Common-Cleaner" daemon [_thread_blocked, id=20784, stack(0x0000000bbf300000,0x0000000bbf400000)]
  0x000001fbcc4f62f0 JavaThread "JDWP Transport Listener: dt_socket" daemon [_thread_blocked, id=20680, stack(0x0000000bbf400000,0x0000000bbf500000)]
  0x000001fbcc4f67e0 JavaThread "JDWP Event Helper Thread" daemon [_thread_blocked, id=20592, stack(0x0000000bbf500000,0x0000000bbf600000)]
  0x000001fbcc4f70e0 JavaThread "JDWP Command Reader" daemon [_thread_in_native, id=14644, stack(0x0000000bbf600000,0x0000000bbf700000)]
  0x000001fbcc8fad80 JavaThread "Notification Thread" daemon [_thread_blocked, id=22384, stack(0x0000000bbf700000,0x0000000bbf800000)]

Other Threads:
  0x000001fbcc22d610 VMThread "VM Thread" [stack: 0x0000000bbe900000,0x0000000bbea00000] [id=21412]
  0x000001fbcc8fb260 WatcherThread [stack: 0x0000000bbf800000,0x0000000bbf900000] [id=22392]
  0x000001fbad109d90 GCTaskThread "GC Thread#0" [stack: 0x0000000bbe400000,0x0000000bbe500000] [id=21360]
  0x000001fc122fffe0 GCTaskThread "GC Thread#1" [stack: 0x0000000bbf900000,0x0000000bbfa00000] [id=22100]
  0x000001fc1254c620 GCTaskThread "GC Thread#2" [stack: 0x0000000bbfa00000,0x0000000bbfb00000] [id=22164]
  0x000001fc1254ccf0 GCTaskThread "GC Thread#3" [stack: 0x0000000bbfb00000,0x0000000bbfc00000] [id=22168]
  0x000001fc1254cfb0 GCTaskThread "GC Thread#4" [stack: 0x0000000bbfc00000,0x0000000bbfd00000] [id=22172]
  0x000001fc1254f280 GCTaskThread "GC Thread#5" [stack: 0x0000000bbfd00000,0x0000000bbfe00000] [id=22176]
  0x000001fc1254f540 GCTaskThread "GC Thread#6" [stack: 0x0000000bbfe00000,0x0000000bbff00000] [id=22180]
  0x000001fc1254fc10 GCTaskThread "GC Thread#7" [stack: 0x0000000bbff00000,0x0000000bc0000000] [id=22212]
  0x000001fc1254fed0 GCTaskThread "GC Thread#8" [stack: 0x0000000bc0000000,0x0000000bc0100000] [id=22208]
  0x000001fc1263d1a0 GCTaskThread "GC Thread#9" [stack: 0x0000000bc0100000,0x0000000bc0200000] [id=21936]
  0x000001fbad1177b0 ConcurrentGCThread "G1 Main Marker" [stack: 0x0000000bbe500000,0x0000000bbe600000] [id=21364]
  0x000001fbad118860 ConcurrentGCThread "G1 Conc#0" [stack: 0x0000000bbe600000,0x0000000bbe700000] [id=21368]
  0x000001fc13888920 ConcurrentGCThread "G1 Conc#1" [stack: 0x0000000bc0200000,0x0000000bc0300000] [id=22116]
  0x000001fc13888be0 ConcurrentGCThread "G1 Conc#2" [stack: 0x0000000bc0300000,0x0000000bc0400000] [id=18944]
  0x000001fbad165340 ConcurrentGCThread "G1 Refine#0" [stack: 0x0000000bbe700000,0x0000000bbe800000] [id=21372]
  0x000001fbad165c70 ConcurrentGCThread "G1 Service" [stack: 0x0000000bbe800000,0x0000000bbe900000] [id=21376]

Threads with active compile tasks:
C2 CompilerThread0    26557 4511       4       org.aspectj.apache.bcel.classfile.Attribute::readAttribute (568 bytes)

VM state: not at safepoint (normal execution)

VM Mutex/Monitor currently owned by a thread: None

Heap address: 0x00000000a2200000, size: 1502 MB, Compressed Oops mode: 32-bit

CDS archive(s) mapped at: [0x000001fbcd000000-0x000001fbcdbd0000-0x000001fbcdbd0000), size 12386304, SharedBaseAddress: 0x000001fbcd000000, ArchiveRelocationMode: 1.
Compressed class space mapped at: 0x000001fbce000000-0x000001fc0e000000, reserved size: 1073741824
Narrow klass base: 0x000001fbcd000000, Narrow klass shift: 0, Narrow klass range: 0x100000000

GC Precious Log:
 CPUs: 12 total, 12 available
 Memory: 6005M
 Large Page Support: Disabled
 NUMA Support: Disabled
 Compressed Oops: Enabled (32-bit)
 Heap Region Size: 1M
 Heap Min Capacity: 8M
 Heap Initial Capacity: 94M
 Heap Max Capacity: 1502M
 Pre-touch: Disabled
 Parallel Workers: 10
 Concurrent Workers: 3
 Concurrent Refinement Workers: 10
 Periodic GC: Disabled

Heap:
 garbage-first heap   total 61440K, used 31288K [0x00000000a2200000, 0x0000000100000000)
  region size 1024K, 12 young (12288K), 3 survivors (3072K)
 Metaspace       used 35034K, committed 35520K, reserved 1114112K
  class space    used 4434K, committed 4672K, reserved 1048576K

Heap Regions: E=young(eden), S=young(survivor), O=old, HS=humongous(starts), HC=humongous(continues), CS=collection set, F=free, OA=open archive, CA=closed archive, TAMS=top-at-mark-start (previous, next)
|   0|0x00000000a2200000, 0x00000000a2300000, 0x00000000a2300000|100%|HS|  |TAMS 0x00000000a2300000, 0x00000000a2200000| Complete 
|   1|0x00000000a2300000, 0x00000000a2400000, 0x00000000a2400000|100%|HS|  |TAMS 0x00000000a2400000, 0x00000000a2300000| Complete 
|   2|0x00000000a2400000, 0x00000000a2500000, 0x00000000a2500000|100%| O|  |TAMS 0x00000000a2500000, 0x00000000a2400000| Untracked 
|   3|0x00000000a2500000, 0x00000000a2600000, 0x00000000a2600000|100%| O|  |TAMS 0x00000000a2600000, 0x00000000a2500000| Untracked 
|   4|0x00000000a2600000, 0x00000000a2700000, 0x00000000a2700000|100%| O|  |TAMS 0x00000000a2700000, 0x00000000a2600000| Untracked 
|   5|0x00000000a2700000, 0x00000000a2800000, 0x00000000a2800000|100%| O|  |TAMS 0x00000000a2800000, 0x00000000a2700000| Untracked 
|   6|0x00000000a2800000, 0x00000000a2900000, 0x00000000a2900000|100%| O|  |TAMS 0x00000000a2900000, 0x00000000a2800000| Untracked 
|   7|0x00000000a2900000, 0x00000000a2a00000, 0x00000000a2a00000|100%| O|  |TAMS 0x00000000a2a00000, 0x00000000a2900000| Untracked 
|   8|0x00000000a2a00000, 0x00000000a2b00000, 0x00000000a2b00000|100%| O|  |TAMS 0x00000000a2b00000, 0x00000000a2a00000| Untracked 
|   9|0x00000000a2b00000, 0x00000000a2c00000, 0x00000000a2c00000|100%| O|  |TAMS 0x00000000a2b00000, 0x00000000a2b00000| Untracked 
|  10|0x00000000a2c00000, 0x00000000a2cf0400, 0x00000000a2d00000| 93%| O|  |TAMS 0x00000000a2c00000, 0x00000000a2c00000| Untracked 
|  11|0x00000000a2d00000, 0x00000000a2e00000, 0x00000000a2e00000|100%| O|  |TAMS 0x00000000a2d00000, 0x00000000a2d00000| Untracked 
|  12|0x00000000a2e00000, 0x00000000a2f00000, 0x00000000a2f00000|100%| O|  |TAMS 0x00000000a2e00000, 0x00000000a2e00000| Untracked 
|  13|0x00000000a2f00000, 0x00000000a3000000, 0x00000000a3000000|100%| O|  |TAMS 0x00000000a2f00000, 0x00000000a2f00000| Untracked 
|  14|0x00000000a3000000, 0x00000000a3100000, 0x00000000a3100000|100%| O|  |TAMS 0x00000000a3000000, 0x00000000a3000000| Untracked 
|  15|0x00000000a3100000, 0x00000000a3200000, 0x00000000a3200000|100%| O|  |TAMS 0x00000000a3100000, 0x00000000a3100000| Untracked 
|  16|0x00000000a3200000, 0x00000000a3300000, 0x00000000a3300000|100%| O|  |TAMS 0x00000000a3200000, 0x00000000a3200000| Untracked 
|  17|0x00000000a3300000, 0x00000000a3400000, 0x00000000a3400000|100%| O|  |TAMS 0x00000000a3300000, 0x00000000a3300000| Untracked 
|  18|0x00000000a3400000, 0x00000000a3500000, 0x00000000a3500000|100%| O|  |TAMS 0x00000000a3400000, 0x00000000a3400000| Untracked 
|  19|0x00000000a3500000, 0x00000000a35ce800, 0x00000000a3600000| 80%| O|  |TAMS 0x00000000a3500000, 0x00000000a3500000| Untracked 
|  20|0x00000000a3600000, 0x00000000a3700000, 0x00000000a3700000|100%|HS|  |TAMS 0x00000000a3600000, 0x00000000a3600000| Complete 
|  21|0x00000000a3700000, 0x00000000a3700000, 0x00000000a3800000|  0%| F|  |TAMS 0x00000000a3700000, 0x00000000a3700000| Untracked 
|  22|0x00000000a3800000, 0x00000000a3800000, 0x00000000a3900000|  0%| F|  |TAMS 0x00000000a3800000, 0x00000000a3800000| Untracked 
|  23|0x00000000a3900000, 0x00000000a3900000, 0x00000000a3a00000|  0%| F|  |TAMS 0x00000000a3900000, 0x00000000a3900000| Untracked 
|  24|0x00000000a3a00000, 0x00000000a3a00000, 0x00000000a3b00000|  0%| F|  |TAMS 0x00000000a3a00000, 0x00000000a3a00000| Untracked 
|  25|0x00000000a3b00000, 0x00000000a3b00000, 0x00000000a3c00000|  0%| F|  |TAMS 0x00000000a3b00000, 0x00000000a3b00000| Untracked 
|  26|0x00000000a3c00000, 0x00000000a3c00000, 0x00000000a3d00000|  0%| F|  |TAMS 0x00000000a3c00000, 0x00000000a3c00000| Untracked 
|  27|0x00000000a3d00000, 0x00000000a3d00000, 0x00000000a3e00000|  0%| F|  |TAMS 0x00000000a3d00000, 0x00000000a3d00000| Untracked 
|  28|0x00000000a3e00000, 0x00000000a3e00000, 0x00000000a3f00000|  0%| F|  |TAMS 0x00000000a3e00000, 0x00000000a3e00000| Untracked 
|  29|0x00000000a3f00000, 0x00000000a3f00000, 0x00000000a4000000|  0%| F|  |TAMS 0x00000000a3f00000, 0x00000000a3f00000| Untracked 
|  30|0x00000000a4000000, 0x00000000a4000000, 0x00000000a4100000|  0%| F|  |TAMS 0x00000000a4000000, 0x00000000a4000000| Untracked 
|  31|0x00000000a4100000, 0x00000000a4100000, 0x00000000a4200000|  0%| F|  |TAMS 0x00000000a4100000, 0x00000000a4100000| Untracked 
|  32|0x00000000a4200000, 0x00000000a42cf7e0, 0x00000000a4300000| 81%| S|CS|TAMS 0x00000000a4200000, 0x00000000a4200000| Complete 
|  33|0x00000000a4300000, 0x00000000a4400000, 0x00000000a4400000|100%| S|CS|TAMS 0x00000000a4300000, 0x00000000a4300000| Complete 
|  34|0x00000000a4400000, 0x00000000a4400000, 0x00000000a4500000|  0%| F|  |TAMS 0x00000000a4400000, 0x00000000a4400000| Untracked 
|  35|0x00000000a4500000, 0x00000000a4600000, 0x00000000a4600000|100%| S|CS|TAMS 0x00000000a4500000, 0x00000000a4500000| Complete 
|  36|0x00000000a4600000, 0x00000000a4600000, 0x00000000a4700000|  0%| F|  |TAMS 0x00000000a4600000, 0x00000000a4600000| Untracked 
|  37|0x00000000a4700000, 0x00000000a4700000, 0x00000000a4800000|  0%| F|  |TAMS 0x00000000a4700000, 0x00000000a4700000| Untracked 
|  38|0x00000000a4800000, 0x00000000a4800000, 0x00000000a4900000|  0%| F|  |TAMS 0x00000000a4800000, 0x00000000a4800000| Untracked 
|  39|0x00000000a4900000, 0x00000000a4900000, 0x00000000a4a00000|  0%| F|  |TAMS 0x00000000a4900000, 0x00000000a4900000| Untracked 
|  40|0x00000000a4a00000, 0x00000000a4a00000, 0x00000000a4b00000|  0%| F|  |TAMS 0x00000000a4a00000, 0x00000000a4a00000| Untracked 
|  41|0x00000000a4b00000, 0x00000000a4b00000, 0x00000000a4c00000|  0%| F|  |TAMS 0x00000000a4b00000, 0x00000000a4b00000| Untracked 
|  42|0x00000000a4c00000, 0x00000000a4c00000, 0x00000000a4d00000|  0%| F|  |TAMS 0x00000000a4c00000, 0x00000000a4c00000| Untracked 
|  43|0x00000000a4d00000, 0x00000000a4d00000, 0x00000000a4e00000|  0%| F|  |TAMS 0x00000000a4d00000, 0x00000000a4d00000| Untracked 
|  44|0x00000000a4e00000, 0x00000000a4e00000, 0x00000000a4f00000|  0%| F|  |TAMS 0x00000000a4e00000, 0x00000000a4e00000| Untracked 
|  45|0x00000000a4f00000, 0x00000000a4f00000, 0x00000000a5000000|  0%| F|  |TAMS 0x00000000a4f00000, 0x00000000a4f00000| Untracked 
|  46|0x00000000a5000000, 0x00000000a5000000, 0x00000000a5100000|  0%| F|  |TAMS 0x00000000a5000000, 0x00000000a5000000| Untracked 
|  47|0x00000000a5100000, 0x00000000a5100000, 0x00000000a5200000|  0%| F|  |TAMS 0x00000000a5100000, 0x00000000a5100000| Untracked 
|  48|0x00000000a5200000, 0x00000000a5200000, 0x00000000a5300000|  0%| F|  |TAMS 0x00000000a5200000, 0x00000000a5200000| Untracked 
|  49|0x00000000a5300000, 0x00000000a5300000, 0x00000000a5400000|  0%| F|  |TAMS 0x00000000a5300000, 0x00000000a5300000| Untracked 
|  50|0x00000000a5400000, 0x00000000a5400000, 0x00000000a5500000|  0%| F|  |TAMS 0x00000000a5400000, 0x00000000a5400000| Untracked 
|  51|0x00000000a5500000, 0x00000000a55f0028, 0x00000000a5600000| 93%| E|  |TAMS 0x00000000a5500000, 0x00000000a5500000| Complete 
|  52|0x00000000a5600000, 0x00000000a5700000, 0x00000000a5700000|100%| E|CS|TAMS 0x00000000a5600000, 0x00000000a5600000| Complete 
|  55|0x00000000a5900000, 0x00000000a5a00000, 0x00000000a5a00000|100%| E|CS|TAMS 0x00000000a5900000, 0x00000000a5900000| Complete 
|  56|0x00000000a5a00000, 0x00000000a5b00000, 0x00000000a5b00000|100%| E|CS|TAMS 0x00000000a5a00000, 0x00000000a5a00000| Complete 
|  57|0x00000000a5b00000, 0x00000000a5c00000, 0x00000000a5c00000|100%| E|CS|TAMS 0x00000000a5b00000, 0x00000000a5b00000| Complete 
|  58|0x00000000a5c00000, 0x00000000a5d00000, 0x00000000a5d00000|100%| E|CS|TAMS 0x00000000a5c00000, 0x00000000a5c00000| Complete 
|  59|0x00000000a5d00000, 0x00000000a5e00000, 0x00000000a5e00000|100%| E|CS|TAMS 0x00000000a5d00000, 0x00000000a5d00000| Complete 
|  60|0x00000000a5e00000, 0x00000000a5f00000, 0x00000000a5f00000|100%| E|CS|TAMS 0x00000000a5e00000, 0x00000000a5e00000| Complete 
|  93|0x00000000a7f00000, 0x00000000a8000000, 0x00000000a8000000|100%| E|  |TAMS 0x00000000a7f00000, 0x00000000a7f00000| Complete 

Card table byte_map: [0x000001fbc60b0000,0x000001fbc63a0000] _byte_map_base: 0x000001fbc5b9f000

Marking Bits (Prev, Next): (CMBitMap*) 0x000001fbad10b300, (CMBitMap*) 0x000001fbad10b2c0
 Prev Bits: [0x000001fbc7e10000, 0x000001fbc9588000)
 Next Bits: [0x000001fbc6690000, 0x000001fbc7e08000)

Polling page: 0x000001fbad170000

Metaspace:

Usage:
  Non-class:     29.88 MB used.
      Class:      4.33 MB used.
       Both:     34.21 MB used.

Virtual space:
  Non-class space:       64.00 MB reserved,      30.12 MB ( 47%) committed,  1 nodes.
      Class space:        1.00 GB reserved,       4.56 MB ( <1%) committed,  1 nodes.
             Both:        1.06 GB reserved,      34.69 MB (  3%) committed. 

Chunk freelists:
   Non-Class:  1.73 MB
       Class:  11.48 MB
        Both:  13.21 MB

MaxMetaspaceSize: unlimited
CompressedClassSpaceSize: 1.00 GB
Initial GC threshold: 21.00 MB
Current GC threshold: 35.12 MB
CDS: on
MetaspaceReclaimPolicy: balanced
 - commit_granule_bytes: 65536.
 - commit_granule_words: 8192.
 - virtual_space_node_default_size: 8388608.
 - enlarge_chunks_in_place: 1.
 - new_chunks_are_fully_committed: 0.
 - uncommit_free_chunks: 1.
 - use_allocation_guard: 0.
 - handle_deallocations: 1.


Internal statistics:

num_allocs_failed_limit: 3.
num_arena_births: 532.
num_arena_deaths: 0.
num_vsnodes_births: 2.
num_vsnodes_deaths: 0.
num_space_committed: 555.
num_space_uncommitted: 0.
num_chunks_returned_to_freelist: 3.
num_chunks_taken_from_freelist: 1839.
num_chunk_merges: 3.
num_chunk_splits: 1272.
num_chunks_enlarged: 960.
num_inconsistent_stats: 0.

CodeHeap 'non-profiled nmethods': size=120000Kb used=2399Kb max_used=2399Kb free=117600Kb
 bounds [0x000001fbbdc00000, 0x000001fbbde70000, 0x000001fbc5130000]
CodeHeap 'profiled nmethods': size=120000Kb used=10783Kb max_used=10783Kb free=109216Kb
 bounds [0x000001fbb6130000, 0x000001fbb6bc0000, 0x000001fbbd660000]
CodeHeap 'non-nmethods': size=5760Kb used=1297Kb max_used=1354Kb free=4462Kb
 bounds [0x000001fbbd660000, 0x000001fbbd8d0000, 0x000001fbbdc00000]
 total_blobs=5264 nmethods=4729 adapters=447
 compilation: enabled
              stopped_count=0, restarted_count=0
 full_count=0

Compilation events (20 events):
Event: 26.374 Thread 0x000001fbcc259d40 4740       2       sun.nio.fs.WindowsNativeDispatcher::asNativeBuffer (103 bytes)
Event: 26.375 Thread 0x000001fbcc259d40 nmethod 4740 0x000001fbb6ba9010 code [0x000001fbb6ba9220, 0x000001fbb6ba96b8]
Event: 26.376 Thread 0x000001fbcc259d40 4741       2       jdk.internal.misc.Unsafe::putChar (8 bytes)
Event: 26.376 Thread 0x000001fbcc259d40 nmethod 4741 0x000001fbb6ba9990 code [0x000001fbb6ba9b20, 0x000001fbb6ba9c38]
Event: 26.376 Thread 0x000001fbcc259d40 4743       2       java.net.URI$Parser::parseHierarchical (178 bytes)
Event: 26.378 Thread 0x000001fbcc259d40 nmethod 4743 0x000001fbb6ba9d10 code [0x000001fbb6ba9fc0, 0x000001fbb6baa8e8]
Event: 26.378 Thread 0x000001fbcc259d40 4744       1       java.net.URI::getRawAuthority (5 bytes)
Event: 26.378 Thread 0x000001fbcc259d40 nmethod 4744 0x000001fbbde57390 code [0x000001fbbde57520, 0x000001fbbde575f8]
Event: 26.386 Thread 0x000001fbcc259d40 4745       2       jdk.internal.perf.PerfCounter::increment (6 bytes)
Event: 26.386 Thread 0x000001fbcc259d40 nmethod 4745 0x000001fbb6bab090 code [0x000001fbb6bab220, 0x000001fbb6bab348]
Event: 26.386 Thread 0x000001fbcc259d40 4746       2       java.net.URI::isOpaque (13 bytes)
Event: 26.387 Thread 0x000001fbcc259d40 nmethod 4746 0x000001fbb6bab410 code [0x000001fbb6bab5a0, 0x000001fbb6bab6b8]
Event: 26.398 Thread 0x000001fbcc259d40 4747 %     3       java.lang.StringLatin1::compareToCI @ 16 (108 bytes)
Event: 26.400 Thread 0x000001fbcc259d40 nmethod 4747% 0x000001fbb6bab790 code [0x000001fbb6bab9e0, 0x000001fbb6bac398]
Event: 26.405 Thread 0x000001fbcc259d40 4748       2       sun.nio.fs.WindowsPath::checkRead (17 bytes)
Event: 26.406 Thread 0x000001fbcc259d40 nmethod 4748 0x000001fbb6bac890 code [0x000001fbb6baca20, 0x000001fbb6bacb68]
Event: 26.416 Thread 0x000001fbcc259d40 4749       2       java.util.zip.ZipFile::getEntryName (42 bytes)
Event: 26.416 Thread 0x000001fbcc259d40 nmethod 4749 0x000001fbb6bacc10 code [0x000001fbb6bacdc0, 0x000001fbb6bacfb8]
Event: 26.421 Thread 0x000001fbcc259d40 4750       2       java.lang.AbstractStringBuilder::setLength (66 bytes)
Event: 26.424 Thread 0x000001fbcc259d40 nmethod 4750 0x000001fbb6bad190 code [0x000001fbb6bad380, 0x000001fbb6bad7b8]

GC Heap History (18 events):
Event: 7.701 GC heap before
{Heap before GC invocations=0 (full 0):
 garbage-first heap   total 96256K, used 25600K [0x00000000a2200000, 0x0000000100000000)
  region size 1024K, 23 young (23552K), 0 survivors (0K)
 Metaspace       used 3836K, committed 3968K, reserved 1114112K
  class space    used 393K, committed 448K, reserved 1048576K
}
Event: 7.719 GC heap after
{Heap after GC invocations=1 (full 0):
 garbage-first heap   total 96256K, used 9702K [0x00000000a2200000, 0x0000000100000000)
  region size 1024K, 3 young (3072K), 3 survivors (3072K)
 Metaspace       used 3836K, committed 3968K, reserved 1114112K
  class space    used 393K, committed 448K, reserved 1048576K
}
Event: 10.749 GC heap before
{Heap before GC invocations=1 (full 0):
 garbage-first heap   total 96256K, used 33254K [0x00000000a2200000, 0x0000000100000000)
  region size 1024K, 27 young (27648K), 3 survivors (3072K)
 Metaspace       used 8978K, committed 9216K, reserved 1114112K
  class space    used 1090K, committed 1216K, reserved 1048576K
}
Event: 10.763 GC heap after
{Heap after GC invocations=2 (full 0):
 garbage-first heap   total 96256K, used 11264K [0x00000000a2200000, 0x0000000100000000)
  region size 1024K, 2 young (2048K), 2 survivors (2048K)
 Metaspace       used 8978K, committed 9216K, reserved 1114112K
  class space    used 1090K, committed 1216K, reserved 1048576K
}
Event: 13.460 GC heap before
{Heap before GC invocations=2 (full 0):
 garbage-first heap   total 96256K, used 58368K [0x00000000a2200000, 0x0000000100000000)
  region size 1024K, 49 young (50176K), 2 survivors (2048K)
 Metaspace       used 18122K, committed 18304K, reserved 1114112K
  class space    used 2210K, committed 2304K, reserved 1048576K
}
Event: 13.470 GC heap after
{Heap after GC invocations=3 (full 0):
 garbage-first heap   total 96256K, used 14441K [0x00000000a2200000, 0x0000000100000000)
  region size 1024K, 5 young (5120K), 5 survivors (5120K)
 Metaspace       used 18122K, committed 18304K, reserved 1114112K
  class space    used 2210K, committed 2304K, reserved 1048576K
}
Event: 15.773 GC heap before
{Heap before GC invocations=3 (full 0):
 garbage-first heap   total 96256K, used 47209K [0x00000000a2200000, 0x0000000100000000)
  region size 1024K, 38 young (38912K), 5 survivors (5120K)
 Metaspace       used 21239K, committed 21504K, reserved 1114112K
  class space    used 2542K, committed 2688K, reserved 1048576K
}
Event: 15.787 GC heap after
{Heap after GC invocations=4 (full 0):
 garbage-first heap   total 96256K, used 17256K [0x00000000a2200000, 0x0000000100000000)
  region size 1024K, 6 young (6144K), 6 survivors (6144K)
 Metaspace       used 21239K, committed 21504K, reserved 1114112K
  class space    used 2542K, committed 2688K, reserved 1048576K
}
Event: 18.782 GC heap before
{Heap before GC invocations=5 (full 0):
 garbage-first heap   total 61440K, used 46952K [0x00000000a2200000, 0x0000000100000000)
  region size 1024K, 36 young (36864K), 6 survivors (6144K)
 Metaspace       used 25194K, committed 25472K, reserved 1114112K
  class space    used 3212K, committed 3328K, reserved 1048576K
}
Event: 18.797 GC heap after
{Heap after GC invocations=6 (full 0):
 garbage-first heap   total 61440K, used 19255K [0x00000000a2200000, 0x0000000100000000)
  region size 1024K, 3 young (3072K), 3 survivors (3072K)
 Metaspace       used 25194K, committed 25472K, reserved 1114112K
  class space    used 3212K, committed 3328K, reserved 1048576K
}
Event: 19.051 GC heap before
{Heap before GC invocations=6 (full 0):
 garbage-first heap   total 61440K, used 20279K [0x00000000a2200000, 0x0000000100000000)
  region size 1024K, 4 young (4096K), 3 survivors (3072K)
 Metaspace       used 25264K, committed 25536K, reserved 1114112K
  class space    used 3223K, committed 3328K, reserved 1048576K
}
Event: 19.064 GC heap after
{Heap after GC invocations=7 (full 0):
 garbage-first heap   total 61440K, used 18879K [0x00000000a2200000, 0x0000000100000000)
  region size 1024K, 1 young (1024K), 1 survivors (1024K)
 Metaspace       used 25264K, committed 25536K, reserved 1114112K
  class space    used 3223K, committed 3328K, reserved 1048576K
}
Event: 21.027 GC heap before
{Heap before GC invocations=7 (full 0):
 garbage-first heap   total 61440K, used 43455K [0x00000000a2200000, 0x0000000100000000)
  region size 1024K, 26 young (26624K), 1 survivors (1024K)
 Metaspace       used 28040K, committed 28416K, reserved 1114112K
  class space    used 3584K, committed 3776K, reserved 1048576K
}
Event: 21.041 GC heap after
{Heap after GC invocations=8 (full 0):
 garbage-first heap   total 61440K, used 20281K [0x00000000a2200000, 0x0000000100000000)
  region size 1024K, 2 young (2048K), 2 survivors (2048K)
 Metaspace       used 28040K, committed 28416K, reserved 1114112K
  class space    used 3584K, committed 3776K, reserved 1048576K
}
Event: 23.911 GC heap before
{Heap before GC invocations=8 (full 0):
 garbage-first heap   total 61440K, used 44857K [0x00000000a2200000, 0x0000000100000000)
  region size 1024K, 27 young (27648K), 2 survivors (2048K)
 Metaspace       used 31803K, committed 32192K, reserved 1114112K
  class space    used 4027K, committed 4224K, reserved 1048576K
}
Event: 23.926 GC heap after
{Heap after GC invocations=9 (full 0):
 garbage-first heap   total 61440K, used 21756K [0x00000000a2200000, 0x0000000100000000)
  region size 1024K, 4 young (4096K), 4 survivors (4096K)
 Metaspace       used 31803K, committed 32192K, reserved 1114112K
  class space    used 4027K, committed 4224K, reserved 1048576K
}
Event: 25.601 GC heap before
{Heap before GC invocations=9 (full 0):
 garbage-first heap   total 61440K, used 46332K [0x00000000a2200000, 0x0000000100000000)
  region size 1024K, 28 young (28672K), 4 survivors (4096K)
 Metaspace       used 33912K, committed 34304K, reserved 1114112K
  class space    used 4308K, committed 4480K, reserved 1048576K
}
Event: 25.619 GC heap after
{Heap after GC invocations=10 (full 0):
 garbage-first heap   total 61440K, used 23096K [0x00000000a2200000, 0x0000000100000000)
  region size 1024K, 3 young (3072K), 3 survivors (3072K)
 Metaspace       used 33912K, committed 34304K, reserved 1114112K
  class space    used 4308K, committed 4480K, reserved 1048576K
}

Deoptimization events (20 events):
Event: 25.791 Thread 0x000001fbad0bc450 DEOPT PACKING pc=0x000001fbb6288eec sp=0x0000000bbe3fcff0
Event: 25.791 Thread 0x000001fbad0bc450 DEOPT UNPACKING pc=0x000001fbbd6b2b43 sp=0x0000000bbe3fc488 mode 1
Event: 25.791 Thread 0x000001fbad0bc450 DEOPT PACKING pc=0x000001fbb62883dc sp=0x0000000bbe3fd0c0
Event: 25.791 Thread 0x000001fbad0bc450 DEOPT UNPACKING pc=0x000001fbbd6b2b43 sp=0x0000000bbe3fc578 mode 1
Event: 26.439 Thread 0x000001fbad0bc450 DEOPT PACKING pc=0x000001fbb6288eec sp=0x0000000bbe3fd390
Event: 26.439 Thread 0x000001fbad0bc450 DEOPT UNPACKING pc=0x000001fbbd6b2b43 sp=0x0000000bbe3fc828 mode 1
Event: 26.439 Thread 0x000001fbad0bc450 DEOPT PACKING pc=0x000001fbb62883dc sp=0x0000000bbe3fd460
Event: 26.439 Thread 0x000001fbad0bc450 DEOPT UNPACKING pc=0x000001fbbd6b2b43 sp=0x0000000bbe3fc918 mode 1
Event: 26.455 Thread 0x000001fbad0bc450 DEOPT PACKING pc=0x000001fbb6288eec sp=0x0000000bbe3fd180
Event: 26.455 Thread 0x000001fbad0bc450 DEOPT UNPACKING pc=0x000001fbbd6b2b43 sp=0x0000000bbe3fc618 mode 1
Event: 26.455 Thread 0x000001fbad0bc450 DEOPT PACKING pc=0x000001fbb62883dc sp=0x0000000bbe3fd250
Event: 26.455 Thread 0x000001fbad0bc450 DEOPT UNPACKING pc=0x000001fbbd6b2b43 sp=0x0000000bbe3fc708 mode 1
Event: 26.456 Thread 0x000001fbad0bc450 DEOPT PACKING pc=0x000001fbb6866aec sp=0x0000000bbe3fdc60
Event: 26.456 Thread 0x000001fbad0bc450 DEOPT UNPACKING pc=0x000001fbbd6b2b43 sp=0x0000000bbe3fd130 mode 1
Event: 26.456 Thread 0x000001fbad0bc450 DEOPT PACKING pc=0x000001fbb6288eec sp=0x0000000bbe3fd180
Event: 26.456 Thread 0x000001fbad0bc450 DEOPT UNPACKING pc=0x000001fbbd6b2b43 sp=0x0000000bbe3fc618 mode 1
Event: 26.456 Thread 0x000001fbad0bc450 DEOPT PACKING pc=0x000001fbb62883dc sp=0x0000000bbe3fd250
Event: 26.456 Thread 0x000001fbad0bc450 DEOPT UNPACKING pc=0x000001fbbd6b2b43 sp=0x0000000bbe3fc708 mode 1
Event: 26.456 Thread 0x000001fbad0bc450 DEOPT PACKING pc=0x000001fbb6866aec sp=0x0000000bbe3fdc60
Event: 26.456 Thread 0x000001fbad0bc450 DEOPT UNPACKING pc=0x000001fbbd6b2b43 sp=0x0000000bbe3fd130 mode 1

Classes unloaded (0 events):
No events

Classes redefined (0 events):
No events

Internal exceptions (20 events):
Event: 22.171 Thread 0x000001fbad0bc450 Exception <a 'java/lang/ArrayIndexOutOfBoundsException'{0x00000000a52c2f98}: Index 4 out of bounds for length 4> (0x00000000a52c2f98) 
thrown [s\open\src\hotspot\share\interpreter\interpreterRuntime.cpp, line 428]
Event: 22.172 Thread 0x000001fbad0bc450 Exception <a 'java/lang/ArrayIndexOutOfBoundsException'{0x00000000a52cd9b0}: Index 11 out of bounds for length 11> (0x00000000a52cd9b0) 
thrown [s\open\src\hotspot\share\interpreter\interpreterRuntime.cpp, line 428]
Event: 22.172 Thread 0x000001fbad0bc450 Exception <a 'java/lang/ArrayIndexOutOfBoundsException'{0x00000000a52ce220}: Index 11 out of bounds for length 11> (0x00000000a52ce220) 
thrown [s\open\src\hotspot\share\interpreter\interpreterRuntime.cpp, line 428]
Event: 22.788 Thread 0x000001fbad0bc450 Exception <a 'java/lang/NoSuchMethodError'{0x00000000a4fbae28}: 'java.lang.Object java.lang.invoke.DirectMethodHandle$Holder.invokeSpecialIFC(java.lang.Object, java.lang.Object, java.lang.Object)'> (0x00000000a4fbae28) 
thrown [s\open\src\hotspot\share\interpreter\linkResolver.cpp, line 759]
Event: 23.940 Thread 0x000001fbad0bc450 Exception <a 'java/lang/NoSuchMethodError'{0x00000000a7f25118}: 'void java.lang.invoke.DirectMethodHandle$Holder.invokeSpecial(java.lang.Object, java.lang.Object, java.lang.Object, java.lang.Object, java.lang.Object, java.lang.Object, java.lang.Object)'> (0x00000000a7f25118) 
thrown [s\open\src\hotspot\share\interpreter\linkResolver.cpp, line 759]
Event: 24.129 Thread 0x000001fbad0bc450 Exception <a 'java/lang/NoSuchMethodError'{0x00000000a5b87438}: 'void java.lang.invoke.DirectMethodHandle$Holder.invokeInterface(java.lang.Object, java.lang.Object, int)'> (0x00000000a5b87438) 
thrown [s\open\src\hotspot\share\interpreter\linkResolver.cpp, line 759]
Event: 24.198 Thread 0x000001fbad0bc450 Exception <a 'java/lang/IncompatibleClassChangeError'{0x00000000a5bd72f8}: Found class java.lang.Object, but interface was expected> (0x00000000a5bd72f8) 
thrown [s\open\src\hotspot\share\interpreter\linkResolver.cpp, line 826]
Event: 24.215 Thread 0x000001fbad0bc450 Exception <a 'java/lang/NoSuchMethodError'{0x00000000a5be7e30}: 'int java.lang.invoke.DirectMethodHandle$Holder.invokeSpecialIFC(java.lang.Object, java.lang.Object, java.lang.Object)'> (0x00000000a5be7e30) 
thrown [s\open\src\hotspot\share\interpreter\linkResolver.cpp, line 759]
Event: 24.227 Thread 0x000001fbad0bc450 Exception <a 'java/lang/NoSuchMethodError'{0x00000000a5a00918}: 'void java.lang.invoke.DirectMethodHandle$Holder.invokeStatic(java.lang.Object, int, java.lang.Object)'> (0x00000000a5a00918) 
thrown [s\open\src\hotspot\share\interpreter\linkResolver.cpp, line 759]
Event: 24.250 Thread 0x000001fbad0bc450 Exception <a 'java/lang/NoSuchMethodError'{0x00000000a5a3d7b8}: 'void java.lang.invoke.DirectMethodHandle$Holder.invokeVirtual(java.lang.Object, java.lang.Object, int)'> (0x00000000a5a3d7b8) 
thrown [s\open\src\hotspot\share\interpreter\linkResolver.cpp, line 759]
Event: 24.251 Thread 0x000001fbad0bc450 Exception <a 'java/lang/NoSuchMethodError'{0x00000000a5a439b0}: 'void java.lang.invoke.DirectMethodHandle$Holder.invokeStatic(java.lang.Object, java.lang.Object, java.lang.Object, int, java.lang.Object)'> (0x00000000a5a439b0) 
thrown [s\open\src\hotspot\share\interpreter\linkResolver.cpp, line 759]
Event: 24.253 Thread 0x000001fbad0bc450 Exception <a 'java/lang/NoSuchMethodError'{0x00000000a5a4aeb8}: 'java.lang.Object java.lang.invoke.DirectMethodHandle$Holder.newInvokeSpecial(java.lang.Object, java.lang.Object, java.lang.Object, int)'> (0x00000000a5a4aeb8) 
thrown [s\open\src\hotspot\share\interpreter\linkResolver.cpp, line 759]
Event: 24.254 Thread 0x000001fbad0bc450 Exception <a 'java/lang/NoSuchMethodError'{0x00000000a5a4f1a0}: 'java.lang.Object java.lang.invoke.DirectMethodHandle$Holder.invokeSpecial(java.lang.Object, java.lang.Object, java.lang.Object, java.lang.Object, int)'> (0x00000000a5a4f1a0) 
thrown [s\open\src\hotspot\share\interpreter\linkResolver.cpp, line 759]
Event: 24.255 Thread 0x000001fbad0bc450 Exception <a 'java/lang/NoSuchMethodError'{0x00000000a5a52d68}: 'java.lang.Object java.lang.invoke.Invokers$Holder.linkToTargetMethod(java.lang.Object, java.lang.Object, int, java.lang.Object)'> (0x00000000a5a52d68) 
thrown [s\open\src\hotspot\share\interpreter\linkResolver.cpp, line 759]
Event: 24.889 Thread 0x000001fbad0bc450 Exception <a 'java/lang/NoSuchMethodError'{0x00000000a4bba568}: 'java.lang.Object java.lang.invoke.DirectMethodHandle$Holder.invokeStaticInit(java.lang.Object, int, int, int, int)'> (0x00000000a4bba568) 
thrown [s\open\src\hotspot\share\interpreter\linkResolver.cpp, line 759]
Event: 25.293 Thread 0x000001fbad0bc450 Exception <a 'java/lang/NoSuchMethodError'{0x00000000a4a767b0}: 'java.lang.Object java.lang.invoke.DirectMethodHandle$Holder.invokeStaticInit(java.lang.Object, java.lang.Object, int, int, int, int)'> (0x00000000a4a767b0) 
thrown [s\open\src\hotspot\share\interpreter\linkResolver.cpp, line 759]
Event: 25.728 Thread 0x000001fbad0bc450 Exception <a 'java/lang/NoSuchMethodError'{0x00000000a5e75720}: 'java.lang.Object java.lang.invoke.DirectMethodHandle$Holder.invokeSpecial(java.lang.Object, java.lang.Object, long, java.lang.Object, java.lang.Object, java.lang.Object, java.lang.Object, java.lang.Object, java.lang.Object)'> (0x00000000a5e75720) 
thrown [s\open\src\hotspot\share\interpreter\linkResolver.cpp, line 759]
Event: 25.729 Thread 0x000001fbad0bc450 Exception <a 'java/lang/NoSuchMethodError'{0x00000000a5e7a6a8}: 'java.lang.Object java.lang.invoke.DelegatingMethodHandle$Holder.reinvoke_L(java.lang.Object, long, java.lang.Object, java.lang.Object, java.lang.Object, java.lang.Object, java.lang.Object, java.lang.Object)'> (0x00000000a5e7a6a8) 
thrown [s\open\src\hotspot\share\interpreter\linkResolver.cpp, line 759]
Event: 26.170 Thread 0x000001fbad0bc450 Exception <a 'java/io/FileNotFoundException'{0x00000000a5c4bcd8}> (0x00000000a5c4bcd8) 
thrown [s\open\src\hotspot\share\prims\jni.cpp, line 516]
Event: 26.466 Thread 0x000001fbad0bc450 Exception <a 'java/lang/NoSuchMethodError'{0x00000000a59e5a08}: 'int java.lang.invoke.DirectMethodHandle$Holder.invokeInterface(java.lang.Object, java.lang.Object, java.lang.Object, java.lang.Object)'> (0x00000000a59e5a08) 
thrown [s\open\src\hotspot\share\interpreter\linkResolver.cpp, line 759]

VM Operations (20 events):
Event: 21.603 Executing VM operation: HandshakeAllThreads
Event: 21.603 Executing VM operation: HandshakeAllThreads done
Event: 22.612 Executing VM operation: Cleanup
Event: 22.628 Executing VM operation: Cleanup done
Event: 22.908 Executing VM operation: HandshakeAllThreads
Event: 22.908 Executing VM operation: HandshakeAllThreads done
Event: 23.911 Executing VM operation: G1CollectForAllocation
Event: 23.926 Executing VM operation: G1CollectForAllocation done
Event: 24.675 Executing VM operation: HandshakeAllThreads
Event: 24.675 Executing VM operation: HandshakeAllThreads done
Event: 25.581 Executing VM operation: HandshakeAllThreads
Event: 25.581 Executing VM operation: HandshakeAllThreads done
Event: 25.581 Executing VM operation: Cleanup
Event: 25.582 Executing VM operation: Cleanup done
Event: 25.601 Executing VM operation: G1CollectForAllocation
Event: 25.619 Executing VM operation: G1CollectForAllocation done
Event: 25.771 Executing VM operation: HandshakeAllThreads
Event: 25.771 Executing VM operation: HandshakeAllThreads done
Event: 25.863 Executing VM operation: HandshakeAllThreads
Event: 25.863 Executing VM operation: HandshakeAllThreads done

Events (20 events):
Event: 26.469 loading class org/springframework/boot/web/server/Cookie
Event: 26.469 loading class org/springframework/boot/web/server/Cookie done
Event: 26.470 loading class jakarta/servlet/SessionCookieConfig
Event: 26.470 loading class jakarta/servlet/SessionCookieConfig done
Event: 26.471 loading class org/springframework/boot/web/server/Cookie
Event: 26.471 loading class org/springframework/boot/web/server/Cookie done
Event: 26.472 loading class jakarta/servlet/SessionCookieConfig
Event: 26.472 loading class jakarta/servlet/SessionCookieConfig done
Event: 26.473 loading class org/springframework/boot/web/server/Cookie
Event: 26.473 loading class org/springframework/boot/web/server/Cookie done
Event: 26.474 loading class jakarta/servlet/SessionCookieConfig
Event: 26.474 loading class jakarta/servlet/SessionCookieConfig done
Event: 26.475 loading class org/springframework/boot/web/server/Cookie
Event: 26.475 loading class org/springframework/boot/web/server/Cookie done
Event: 26.476 loading class jakarta/servlet/SessionCookieConfig
Event: 26.476 loading class jakarta/servlet/SessionCookieConfig done
Event: 26.478 loading class org/springframework/boot/web/server/Cookie
Event: 26.478 loading class org/springframework/boot/web/server/Cookie done
Event: 26.480 loading class jakarta/servlet/SessionCookieConfig
Event: 26.480 loading class jakarta/servlet/SessionCookieConfig done


Dynamic libraries:
0x00007ff6179a0000 - 0x00007ff6179b0000 	C:\Program Files\Java\jdk-17\bin\java.exe
0x00007ff8050f0000 - 0x00007ff805307000 	C:\WINDOWS\SYSTEM32\ntdll.dll
0x00007ff8032b0000 - 0x00007ff803374000 	C:\WINDOWS\System32\KERNEL32.DLL
0x00007ff802550000 - 0x00007ff802907000 	C:\WINDOWS\System32\KERNELBASE.dll
0x00007ff802430000 - 0x00007ff802541000 	C:\WINDOWS\System32\ucrtbase.dll
0x00007ffffa4d0000 - 0x00007ffffa4e9000 	C:\Program Files\Java\jdk-17\bin\jli.dll
0x00007ffffa200000 - 0x00007ffffa21b000 	C:\Program Files\Java\jdk-17\bin\VCRUNTIME140.dll
0x00007ff803640000 - 0x00007ff8036f2000 	C:\WINDOWS\System32\ADVAPI32.dll
0x00007ff804d60000 - 0x00007ff804e07000 	C:\WINDOWS\System32\msvcrt.dll
0x00007ff803e40000 - 0x00007ff803ee8000 	C:\WINDOWS\System32\sechost.dll
0x00007ff802400000 - 0x00007ff802428000 	C:\WINDOWS\System32\bcrypt.dll
0x00007ff804340000 - 0x00007ff804454000 	C:\WINDOWS\System32\RPCRT4.dll
0x00007ff803fd0000 - 0x00007ff80417f000 	C:\WINDOWS\System32\USER32.dll
0x00007ff802df0000 - 0x00007ff802e16000 	C:\WINDOWS\System32\win32u.dll
0x00007fffe2a00000 - 0x00007fffe2c93000 	C:\WINDOWS\WinSxS\amd64_microsoft.windows.common-controls_6595b64144ccf1df_6.0.22621.3672_none_2713b9d173822955\COMCTL32.dll
0x00007ff803590000 - 0x00007ff8035b9000 	C:\WINDOWS\System32\GDI32.dll
0x00007ff8029d0000 - 0x00007ff802ae8000 	C:\WINDOWS\System32\gdi32full.dll
0x00007ff802c60000 - 0x00007ff802cfa000 	C:\WINDOWS\System32\msvcp_win.dll
0x00007ffff9a70000 - 0x00007ffff9a7a000 	C:\WINDOWS\SYSTEM32\VERSION.dll
0x00007ff803b10000 - 0x00007ff803b41000 	C:\WINDOWS\System32\IMM32.DLL
0x00007ffffddd0000 - 0x00007ffffdddc000 	C:\Program Files\Java\jdk-17\bin\vcruntime140_1.dll
0x00007fffeac80000 - 0x00007fffead0e000 	C:\Program Files\Java\jdk-17\bin\msvcp140.dll
0x00007fff5a680000 - 0x00007fff5b260000 	C:\Program Files\Java\jdk-17\bin\server\jvm.dll
0x00007ff804e90000 - 0x00007ff804e98000 	C:\WINDOWS\System32\PSAPI.DLL
0x00007ffffcb70000 - 0x00007ffffcba4000 	C:\WINDOWS\SYSTEM32\WINMM.dll
0x00007fffedb30000 - 0x00007fffedb39000 	C:\WINDOWS\SYSTEM32\WSOCK32.dll
0x00007ff8035c0000 - 0x00007ff803631000 	C:\WINDOWS\System32\WS2_32.dll
0x00007ff801420000 - 0x00007ff801438000 	C:\WINDOWS\SYSTEM32\kernel.appcore.dll
0x00007ffffa4c0000 - 0x00007ffffa4ca000 	C:\Program Files\Java\jdk-17\bin\jimage.dll
0x00007fffffdb0000 - 0x00007ffffffe2000 	C:\WINDOWS\SYSTEM32\DBGHELP.DLL
0x00007ff803780000 - 0x00007ff803b0e000 	C:\WINDOWS\System32\combase.dll
0x00007ff803ef0000 - 0x00007ff803fc7000 	C:\WINDOWS\System32\OLEAUT32.dll
0x00007fffeab10000 - 0x00007fffeab42000 	C:\WINDOWS\SYSTEM32\dbgcore.DLL
0x00007ff802d00000 - 0x00007ff802d7b000 	C:\WINDOWS\System32\bcryptPrimitives.dll
0x00007fffdf250000 - 0x00007fffdf28b000 	C:\Program Files\Java\jdk-17\bin\jdwp.dll
0x00007fffdc440000 - 0x00007fffdc44e000 	C:\Program Files\Java\jdk-17\bin\instrument.dll
0x00007fffede60000 - 0x00007fffede85000 	C:\Program Files\Java\jdk-17\bin\java.dll
0x00007fffdf2d0000 - 0x00007fffdf3a7000 	C:\Program Files\Java\jdk-17\bin\jsvml.dll
0x00007ff8044d0000 - 0x00007ff804d39000 	C:\WINDOWS\System32\SHELL32.dll
0x00007ff8002e0000 - 0x00007ff800bdf000 	C:\WINDOWS\SYSTEM32\windows.storage.dll
0x00007ff8001a0000 - 0x00007ff8002df000 	C:\WINDOWS\SYSTEM32\wintypes.dll
0x00007ff803430000 - 0x00007ff803529000 	C:\WINDOWS\System32\SHCORE.dll
0x00007ff803530000 - 0x00007ff80358e000 	C:\WINDOWS\System32\shlwapi.dll
0x00007ff802330000 - 0x00007ff802357000 	C:\WINDOWS\SYSTEM32\profapi.dll
0x00007fffdf2b0000 - 0x00007fffdf2bc000 	C:\Program Files\Java\jdk-17\bin\dt_socket.dll
0x00007ff800e00000 - 0x00007ff800e2d000 	C:\WINDOWS\SYSTEM32\IPHLPAPI.DLL
0x00007ff8018c0000 - 0x00007ff801929000 	C:\WINDOWS\system32\mswsock.dll
0x00007fffe1b40000 - 0x00007fffe1b58000 	C:\Program Files\Java\jdk-17\bin\zip.dll
0x00007fffeac60000 - 0x00007fffeac79000 	C:\Program Files\Java\jdk-17\bin\net.dll
0x00007ffffd3b0000 - 0x00007ffffd4e6000 	C:\WINDOWS\SYSTEM32\WINHTTP.dll
0x00007fffe1b60000 - 0x00007fffe1b76000 	C:\Program Files\Java\jdk-17\bin\nio.dll
0x00007ff804180000 - 0x00007ff804189000 	C:\WINDOWS\System32\NSI.dll
0x00007ffffd180000 - 0x00007ffffd199000 	C:\WINDOWS\SYSTEM32\dhcpcsvc6.DLL
0x00007ffffd120000 - 0x00007ffffd13f000 	C:\WINDOWS\SYSTEM32\dhcpcsvc.DLL
0x00007ff800e60000 - 0x00007ff800f62000 	C:\WINDOWS\SYSTEM32\DNSAPI.dll
0x00007fffedda0000 - 0x00007fffeddb0000 	C:\Program Files\Java\jdk-17\bin\verify.dll
0x00007ffff8fd0000 - 0x00007ffff8fda000 	C:\Windows\System32\rasadhlp.dll
0x00007ffffc260000 - 0x00007ffffc2e3000 	C:\WINDOWS\System32\fwpuclnt.dll
0x00007fffdf2c0000 - 0x00007fffdf2ce000 	C:\Program Files\Java\jdk-17\bin\sunmscapi.dll
0x00007ff802af0000 - 0x00007ff802c56000 	C:\WINDOWS\System32\CRYPT32.dll
0x00007ff801cd0000 - 0x00007ff801cfd000 	C:\WINDOWS\SYSTEM32\ncrypt.dll
0x00007ff801c90000 - 0x00007ff801cc7000 	C:\WINDOWS\SYSTEM32\NTASN1.dll
0x00007ff801b10000 - 0x00007ff801b2b000 	C:\WINDOWS\SYSTEM32\CRYPTSP.dll
0x00007ff801380000 - 0x00007ff8013b5000 	C:\WINDOWS\system32\rsaenh.dll
0x00007ff8019b0000 - 0x00007ff8019d8000 	C:\WINDOWS\SYSTEM32\USERENV.dll
0x00007ff801b30000 - 0x00007ff801b3c000 	C:\WINDOWS\SYSTEM32\CRYPTBASE.dll
0x00007fffedca0000 - 0x00007fffedcaa000 	C:\Program Files\Java\jdk-17\bin\management.dll
0x00007fffeac50000 - 0x00007fffeac5b000 	C:\Program Files\Java\jdk-17\bin\management_ext.dll

dbghelp: loaded successfully - version: 4.0.5 - missing functions: none
symbol engine: initialized successfully - sym options: 0x614 - pdb path: .;C:\Program Files\Java\jdk-17\bin;C:\WINDOWS\SYSTEM32;C:\WINDOWS\WinSxS\amd64_microsoft.windows.common-controls_6595b64144ccf1df_6.0.22621.3672_none_2713b9d173822955;C:\Program Files\Java\jdk-17\bin\server

VM Arguments:
jvm_args: -agentlib:jdwp=transport=dt_socket,address=127.0.0.1:51072,suspend=y,server=n -javaagent:C:\Users\Lenovo\AppData\Local\JetBrains\IdeaIC2021.1\captureAgent\debugger-agent.jar=file:/C:/Users/Lenovo/AppData/Local/Temp/capture.props -Dfile.encoding=UTF-8 
java_command: com.chandu.order_service.OrderServiceApplication
java_class_path (initial): C:\My Projects\online_shop\online-shop-microservices\order-service\target\classes;C:\Users\Lenovo\.m2\repository\org\springframework\boot\spring-boot-starter-data-jpa\3.3.5\spring-boot-starter-data-jpa-3.3.5.jar;C:\Users\Lenovo\.m2\repository\org\springframework\boot\spring-boot-starter-jdbc\3.3.5\spring-boot-starter-jdbc-3.3.5.jar;C:\Users\Lenovo\.m2\repository\com\zaxxer\HikariCP\5.1.0\HikariCP-5.1.0.jar;C:\Users\Lenovo\.m2\repository\org\springframework\spring-jdbc\6.1.14\spring-jdbc-6.1.14.jar;C:\Users\Lenovo\.m2\repository\org\hibernate\orm\hibernate-core\6.5.3.Final\hibernate-core-6.5.3.Final.jar;C:\Users\Lenovo\.m2\repository\jakarta\persistence\jakarta.persistence-api\3.1.0\jakarta.persistence-api-3.1.0.jar;C:\Users\Lenovo\.m2\repository\jakarta\transaction\jakarta.transaction-api\2.0.1\jakarta.transaction-api-2.0.1.jar;C:\Users\Lenovo\.m2\repository\org\jboss\logging\jboss-logging\3.5.3.Final\jboss-logging-3.5.3.Final.jar;C:\Users\Lenovo\.m2\repository\org\hibernate\common\hibernate-commons-annotations\6.0.6.Final\hibernate-commons-annotations-6.0.6.Final.jar;C:\Users\Lenovo\.m2\repository\io\smallrye\jandex\3.1.2\jandex-3.1.2.jar;C:\Users\Lenovo\.m2\repository\com\fasterxml\classmate\1.7.0\classmate-1.7.0.jar;C:\Users\Lenovo\.m2\repository\net\bytebuddy\byte-buddy\1.14.19\byte-buddy-1.14.19.jar;C:\Users\Lenovo\.m2\repository\org\glassfish\jaxb\jaxb-runtime\4.0.5\jaxb-runtime-4.0.5.jar;C:\Users\Lenovo\.m2\repository\org\glassfish\jaxb\jaxb-core\4.0.5\jaxb-core-4.0.5.jar;C:\Users\Lenovo\.m2\repository\org\eclipse\angus\angus-activation\2.0.2\angus-activation-2.0.2.jar;C:\Users\Lenovo\.m2\repository\org\glassfish\jaxb\txw2\4.0.5\txw2-4.0.5.jar;C:\Users\Lenovo\.m2\repository\com\sun\istack\istack-commons-runtime\4.1.2\istack-commons-runtime-4.1.2.jar;C:\Users\Lenovo\.m2\repository\jakarta\inject\jakarta.inject-api\2.0.1\jakarta.inject-api-2.0.1.jar;C:\Users\Lenovo\.m2\repository\org\antlr\antlr4-runtime\4.13.0\antlr4-runtime-4.13.0
Launcher Type: SUN_STANDARD

[Global flags]
     intx CICompilerCount                          = 4                                         {product} {ergonomic}
     uint ConcGCThreads                            = 3                                         {product} {ergonomic}
     uint G1ConcRefinementThreads                  = 10                                        {product} {ergonomic}
   size_t G1HeapRegionSize                         = 1048576                                   {product} {ergonomic}
    uintx GCDrainStackTargetSize                   = 64                                        {product} {ergonomic}
   size_t InitialHeapSize                          = 98566144                                  {product} {ergonomic}
   size_t MarkStackSize                            = 4194304                                   {product} {ergonomic}
   size_t MaxHeapSize                              = 1574961152                                {product} {ergonomic}
   size_t MaxNewSize                               = 944766976                                 {product} {ergonomic}
   size_t MinHeapDeltaBytes                        = 1048576                                   {product} {ergonomic}
   size_t MinHeapSize                              = 8388608                                   {product} {ergonomic}
    uintx NonNMethodCodeHeapSize                   = 5839372                                {pd product} {ergonomic}
    uintx NonProfiledCodeHeapSize                  = 122909434                              {pd product} {ergonomic}
    uintx ProfiledCodeHeapSize                     = 122909434                              {pd product} {ergonomic}
    uintx ReservedCodeCacheSize                    = 251658240                              {pd product} {ergonomic}
     bool SegmentedCodeCache                       = true                                      {product} {ergonomic}
   size_t SoftMaxHeapSize                          = 1574961152                             {manageable} {ergonomic}
     bool UseCompressedClassPointers               = true                           {product lp64_product} {ergonomic}
     bool UseCompressedOops                        = true                           {product lp64_product} {ergonomic}
     bool UseG1GC                                  = true                                      {product} {ergonomic}
     bool UseLargePagesIndividualAllocation        = false                                  {pd product} {ergonomic}

Logging:
Log output configuration:
 #0: stdout all=warning uptime,level,tags
 #1: stderr all=off uptime,level,tags

Environment Variables:
JAVA_HOME=C:\Program Files\Java\jdk-18.0.1
PATH=C:\oraclexe\app\oracle\product\11.2.0\server\bin;C:\Users\Lenovo\Downloads\WINDOWS.X64_193000_db_home\bin;C:\Program Files\Common Files\Oracle\Java\javapath;C:\WINDOWS\system32;C:\WINDOWS;C:\WINDOWS\System32\Wbem;C:\WINDOWS\System32\WindowsPowerShell\v1.0\;C:\WINDOWS\System32\OpenSSH\;C:\Program Files\Git\cmd;C:\Program Files\Docker\Docker\resources\bin;C:\Program Files\MongoDB\Server\7.0\bin;C:\Users\Lenovo\AppData\Local\Microsoft\WindowsApps;C:\Users\Lenovo\AppData\Local\GitHubDesktop\bin;C:\Users\Lenovo\AppData\Local\Programs\mongosh\;C:\Users\Lenovo\AppData\Local\Programs\Microsoft VS Code\bin
USERNAME=Lenovo
OS=Windows_NT
PROCESSOR_IDENTIFIER=AMD64 Family 23 Model 104 Stepping 1, AuthenticAMD



---------------  S Y S T E M  ---------------

OS:
 Windows 11 , 64 bit Build 22621 (10.0.22621.3958)
OS uptime: 0 days 0:23 hours
Hyper-V role detected

CPU: total 12 (initial active 12) (12 cores per cpu, 2 threads per core) family 23 model 104 stepping 1 microcode 0x0, cx8, cmov, fxsr, ht, mmx, 3dnowpref, sse, sse2, sse3, ssse3, sse4a, sse4.1, sse4.2, popcnt, lzcnt, tsc, tscinvbit, avx, avx2, aes, clmul, bmi1, bmi2, adx, sha, fma, vzeroupper, clflush, clflushopt, hv

Memory: 4k page, system-wide physical 6005M (42M free)
TotalPageFile size 24437M (AvailPageFile size 0M)
current process WorkingSet (physical memory assigned to process): 158M, peak: 183M
current process commit charge ("private bytes"): 236M, peak: 246M

vm_info: Java HotSpot(TM) 64-Bit Server VM (17.0.11+7-LTS-207) for windows-amd64 JRE (17.0.11+7-LTS-207), built on Mar 11 2024 19:01:50 by "mach5one" with MS VC++ 17.6 (VS2022)

END.
